00021
00022
00025
00055
00201
00220
00280
00322
00330
00359
00403
00415
00450
00499
00503
00515
00519
00534
00552
00581
00642
00745
00747
00964
01081
01099
01284
01318
01368
01443
01493
01547
02695
02820
02832
02833
02850
03020
03055
03149
03159
03453
03693
04109
04219
04436
04526
04541
04544
04545
04551
04565
04612
04633
04681
04684
04685
04823
04893
04898
04918
04951
04961
04985
05016
05020
05075
05162
05191
05216
05217
05234
05243
05251
05272
05367
05443
05607
05643
05669
05709
05746
05790
05843
05856
05889
05896
05897
05905
06008
06009
06026
06033
06052
06056
06103
06156
06183
06204
06216
06262
06268
06324
06351
06353
06361
06431
06437
06572
06628
06630
06638
06642
06646
06650
06697
06738
06757
06783
07008
07216
07217
07245
07250
07327
07330
07438
07440
07483
07486
07717
07785
07983
08092
08094
08152
08182
08207
08253
08357
08419
08420
08421
08457
08513
08542
08543
08733
08784
08812
08888
08894
09039
09051
09174
09321
09398
09450
09516
09545
09547
09555
09557
09560
09561
09567
09574
09578
09601
09611
09626
09661
09719
09722
09747
09817
09840
09841
09847
09863
09907
09978
10005
10006
10030
10054
10061
10067
10086
10087
10089
10203
10219
10234
10258
10368
10416
10500
10560
10561
10567
10614
10658
10670
10759
10807
10809
10814
10817
10823
10839
10851
10858
10876
10877
10888
10962
11054
11097
11166
11256
11263
11274
11275
11308
11360
11380
11391
11401
11435
11580
11581
11672
11731
11841
11880
11881
12019
12028
12087
12187
12353
12360
12398
12410
12414
12416
12435
12439
12443
12561
12646
12764
12807
12861
12871
12935
12967
13016
13031
13032
13046
13063
13111
13147
13247
13280
13286
13296
13307
13313
13401
13402
13411
13531
13541
13542
13543
13566
13609
13660
13669
13670
13708
13762
13779
13801
13880
13957
13962
14014
14019
14027
14046
14049
14121
14136
14144
14218
14377
14379
14483
14493
14539
14759
14760
14774
14781
14838
14847
14851
14864
14872
14901
14909
14973
15047
15141
15202
15306
15530
15610
15612
15672
15673
15675
15681
15721
15728
15768
15776
15784
15794
15804
15877
15892
15941
15978
15998
16001
16003
16015
16068
16089
16101
16144
16343
16504
16519
16523
16527
16563
16590
16602
16673
16807
16895
16914
16967
17057
17080
17119
17127
17128
17278
17293
17526
17541
17853
17890
17900
17901
17906
17910
18025
18056
18109
18138
18170
18172
18176
18226
18229
18234
18258
18263
18266
18273
18317
18339
18340
18364
18379
18384
18414
18484
18666
18769
18847
18859
18872
18879
18889
18900
18948
18980
19006
19216
19295
19359
19488
19506
19508
19517
19523
19544
19716
19725
19728
19734
19817
19825
19904
19995
20042
20079
20097
20155
20156
20181
20205
20206
20214
20217
20220
20223
20230
20310
20316
20332
20344
20349
20390
20460
20539
20579
20651
20675
20680
20752
20762
20765
20768
20776
20800
20930
20960
20975
21217
21263
21417
21418
21424
21505
21509
21566
21612
21680
21684
21753
21777
21819
21821
21905
21940
21946
21977
21979
21992
22002
22061
22074
22112
22121
22122
22326
22327
22328
22432
22438
22463
22468
22489
22589
22591
22592
22636
22671
22674
22711
22765
22778
22885
23041
23245
23251
23278
23295
23345
23370
23459
23509
23638
23673
23679
23783
23791
23800
23805
23866
23948
23968
23986
23988
23991
23992
24002
24049
24051
24116
24161
24173
24304
24344
24483
24487
24530
24562
24585
24802
24808
24874
24884
24901
24998
25125
25134
25240
25265
25405
25454
25456
25670
25837
25884
25928
25974
25975
25976
25979
26004
26029
26058
26158
26167
26173
26181
26189
26349
26652
26666
26692
26890
26983
26988
27075
27159
27182
27299
27332
27364
27443
27628
27631
27638
27741
27749
27810
27843
27887
27889
27922
27985
28002
28009
28022
28180
28227
28279
28310
28331
28493
28530
28552
28573
28578
28605
28610
28702
28734
28748
28769
28835
28846
29246
29249
29250
29264
29324
29325
29335
29378
29408
29494
29496
29514
29618
29661
29736
29778
29810
29876
29888
29891
29914
29963
29967
29975
29978
30026
30050
30071
30153
30187
30190
30196
30242
30264
30305
30330
30425
30463
30510
30526
30529
30532
30569
30586
30587
30640
30669
30680
30701
30791
30792
30793
30871
30880
30885
30891
30909
30959
30972
30982
31071
31308
31343
31360
31457
31507
31508
31538
31571
31586
31660
31722
31855
31869
32015
32323
32350
32440
32485
32546
32557
32566
32637
32638
32641
32651
32665
32672
32703
32789
32880
32916
32932
32936
32938
32942
32984
33001
33123
33141
33142
33202
33222
33525
33531
33676
33677
33859
33891
33921
33977
33996
34004
34038
34074
34100
34128
34136
34152
34186
34256
34297
34321
34351
34352
34358
34370
34388
34408
34441
34600
34631
34693
34700
34738
34865
34867
34920
34942
34957
34987
34997
35029
35043
35071
35109
35112
35133
35147
35192
35306
35321
35338
35348
35402
35405
35442
35455
35465
35467
35530
35573
35606
35660
35692
35700
35719
35727
35775
35851
35866
35890
35894
35896
36065
36081
36173
36187
36208
36231
36255
36300
36433
36481
36513
36609
36614
36632
36664
36684
36712
36724
36790
36927
37031
37038
37039
37065
