00017
00441
00561
00675
00766
00860
00887
01105
01107
01114
01253
01438
01441
01475
01556
02323
02348
02349
02427
02430
02490
02503
03078
03080
03604
04041
04419
04461
04462
04471
04483
04576
04711
04882
04906
05050
05280
05368
05396
05429
05543
05630
05635
05666
05684
06098
06110
06228
06289
06326
06332
06444
06447
06622
06659
06679
06731
06747
07286
07287
07328
07694
07724
07741
07743
07772
07830
07852
07859
07933
08011
08055
08093
08197
08202
08369
08385
08476
08501
08510
08579
08648
08728
08865
08955
08976
08996
09024
09211
09430
09464
09539
09621
09670
09682
09698
09723
09828
09830
09944
10059
10090
10224
10280
10283
10389
10578
10662
10818
10845
10859
10867
10932
11076
11213
11214
11237
11242
11282
11321
11364
11484
11485
11500
11558
11636
11867
11947
11987
11998
12079
12450
12598
12624
12628
12644
12681
12753
12758
12856
12988
12999
13049
13098
13256
13269
13270
13353
13516
13595
13697
13823
13839
13867
13913
13918
13965
14055
14108
14228
14231
14278
14306
14331
14339
14368
14371
14386
14400
14469
14474
14625
14641
14651
14706
14924
15133
15155
15371
15426
15551
15661
15669
15683
15696
15703
15716
15765
15820
15835
15882
15895
15913
16221
16375
16531
16543
16588
16804
16833
17147
17294
17340
17450
17603
17631
18097
18195
18447
18462
18531
18533
18742
18765
18957
19073
19372
19385
19564
19804
19809
19814
19822
19900
19926
19969
20003
20069
20078
20112
20123
20227
20228
20359
20361
20423
20463
20630
20656
20751
20770
20998
21044
21209
21219
21269
21335
21383
21384
21385
21416
21456
21673
21690
21720
21759
21784
21796
21909
21971
22171
22287
22310
22802
22837
22866
23006
23355
23409
23418
23466
23519
23551
23640
23754
23825
23888
23911
23941
24131
24153
24156
24191
24434
24564
24598
24649
24652
24674
24685
24763
24824
24832
24840
24879
24986
25335
25409
25459
25475
25509
25514
25708
25739
25804
25829
25903
25970
25985
26015
26042
26046
26061
26079
26133
26226
26679
26684
26794
26801
26821
26841
26847
26903
27059
27150
27187
27295
27486
27563
27760
27838
27851
27931
27933
28096
28488
28490
28533
28537
28543
28845
29309
29377
29393
29435
29444
29448
29451
29600
29622
29717
29994
30016
30020
30021
30056
30066
30073
30075
30160
30172
30238
30304
30370
30464
30466
30630
30692
30726
30749
30952
31060
31102
31353
31454
31468
31495
31624
31639
31645
31815
31899
32071
32073
32097
32413
32439
32644
32645
32653
32654
32656
32664
32715
32744
32907
33006
33159
33234
33378
33381
33457
33708
33765
33831
33834
33840
33943
33955
34008
34050
34092
34126
34137
34199
34281
34302
34319
34330
34336
34387
34563
34580
34642
34748
34960
35202
35308
35380
35383
35434
35458
35469
35540
35545
35574
35659
35898
35936
35939
36042
36175
36178
36204
36235
36239
36249
36322
36372
36514
36848
36908
