min‰ Pron Pers Nom Sg	min‰	312,000000

min‰ Pron Pers Par Sg	minua	312,000000

min‰ Pron Pers Gen Sg	minun	312,000000

min‰ Pron Pers Ine Sg	minussa	312,000000

min‰ Pron Pers Ela Sg	minusta	312,000000

min‰ Pron Pers Ade Sg	minulla	312,000000

min‰ Pron Pers Abl Sg	minulta	312,000000

min‰ Pron Pers All Sg	minulle	312,000000

min‰ Pron Pers Tra Sg	minuksi	312,000000

min‰ Pron Pers Abe Sg	minutta	312,000000

min‰ Pron Pers Ess Sg	minuna	312,000000

min‰ Pron Pers Ill Sg	min‰ Pron Pers Ill Sg+?	inf

min‰ Pron Pers Nom Pl	minut	312,000000

min‰ Pron Pers Ine Pl	min‰ Pron Pers Ine Pl+?	inf

min‰ Pron Pers Ela Pl	min‰ Pron Pers Ela Pl+?	inf

min‰ Pron Pers Ade Pl	min‰ Pron Pers Ade Pl+?	inf

min‰ Pron Pers Abl Pl	min‰ Pron Pers Abl Pl+?	inf

min‰ Pron Pers All Pl	min‰ Pron Pers All Pl+?	inf

min‰ Pron Pers Tra Pl	min‰ Pron Pers Tra Pl+?	inf

min‰ Pron Pers Abe Pl	min‰ Pron Pers Abe Pl+?	inf

min‰ Pron Pers Ins Pl	min‰ Pron Pers Ins Pl+?	inf

min‰ Pron Pers Ess Pl	min‰ Pron Pers Ess Pl+?	inf

min‰ Pron Pers Par Pl	min‰ Pron Pers Par Pl+?	inf

min‰ Pron Pers Par Pl	min‰ Pron Pers Par Pl+?	inf

min‰ Pron Pers Par Pl	min‰ Pron Pers Par Pl+?	inf

min‰ Pron Pers Ill Pl	min‰ Pron Pers Ill Pl+?	inf

min‰ Pron Pers Ill Pl	min‰ Pron Pers Ill Pl+?	inf

min‰ Pron Pers Ill Pl	min‰ Pron Pers Ill Pl+?	inf

min‰ Pron Pers Gen Pl	min‰ Pron Pers Gen Pl+?	inf

min‰ Pron Pers Gen Pl	min‰ Pron Pers Gen Pl+?	inf

min‰ Pron Pers Gen Pl	min‰ Pron Pers Gen Pl+?	inf

min‰ Pron Pers Gen Pl	min‰ Pron Pers Gen Pl+?	inf

min‰ Pron Pers Gen Pl	min‰ Pron Pers Gen Pl+?	inf

min‰ Pron Pers Gen Pl	min‰ Pron Pers Gen Pl+?	inf

me Pron Pers Nom Sg	me Pron Pers Nom Sg+?	inf

me Pron Pers Par Sg	me Pron Pers Par Sg+?	inf

me Pron Pers Gen Sg	me Pron Pers Gen Sg+?	inf

me Pron Pers Ine Sg	me Pron Pers Ine Sg+?	inf

me Pron Pers Ela Sg	me Pron Pers Ela Sg+?	inf

me Pron Pers Ade Sg	me Pron Pers Ade Sg+?	inf

me Pron Pers Abl Sg	me Pron Pers Abl Sg+?	inf

me Pron Pers All Sg	me Pron Pers All Sg+?	inf

me Pron Pers Tra Sg	me Pron Pers Tra Sg+?	inf

me Pron Pers Abe Sg	me Pron Pers Abe Sg+?	inf

me Pron Pers Ess Sg	me Pron Pers Ess Sg+?	inf

me Pron Pers Ill Sg	me Pron Pers Ill Sg+?	inf

me Pron Pers Nom Pl	me	312,000000

me Pron Pers Ine Pl	meiss‰	312,000000

me Pron Pers Ela Pl	meist‰	312,000000

me Pron Pers Ade Pl	meill‰	312,000000

me Pron Pers Abl Pl	meilt‰	312,000000

me Pron Pers All Pl	meille	312,000000

me Pron Pers Tra Pl	meiksi	312,000000

me Pron Pers Abe Pl	meitt‰	312,000000

me Pron Pers Ins Pl	mein	312,000000

me Pron Pers Ess Pl	mein‰	312,000000

me Pron Pers Par Pl	meit‰	312,000000

me Pron Pers Par Pl	meit‰	312,000000

me Pron Pers Par Pl	meit‰	312,000000

me Pron Pers Ill Pl	meihin	312,000000

me Pron Pers Ill Pl	meihin	312,000000

me Pron Pers Ill Pl	meihin	312,000000

me Pron Pers Gen Pl	meid‰n	312,000000

me Pron Pers Gen Pl	meid‰n	312,000000

me Pron Pers Gen Pl	meid‰n	312,000000

me Pron Pers Gen Pl	meid‰n	312,000000

me Pron Pers Gen Pl	meid‰n	312,000000

me Pron Pers Gen Pl	meid‰n	312,000000

sin‰ Pron Pers Nom Sg	sin‰	312,000000

sin‰ Pron Pers Par Sg	sinua	312,000000

sin‰ Pron Pers Gen Sg	sinun	312,000000

sin‰ Pron Pers Ine Sg	sinussa	312,000000

sin‰ Pron Pers Ela Sg	sinusta	312,000000

sin‰ Pron Pers Ade Sg	sinulla	312,000000

sin‰ Pron Pers Abl Sg	sinulta	312,000000

sin‰ Pron Pers All Sg	sinulle	312,000000

sin‰ Pron Pers Tra Sg	sinuksi	312,000000

sin‰ Pron Pers Abe Sg	sinutta	312,000000

sin‰ Pron Pers Ess Sg	sinuna	312,000000

sin‰ Pron Pers Ill Sg	sin‰ Pron Pers Ill Sg+?	inf

sin‰ Pron Pers Nom Pl	sinut	312,000000

sin‰ Pron Pers Ine Pl	sin‰ Pron Pers Ine Pl+?	inf

sin‰ Pron Pers Ela Pl	sin‰ Pron Pers Ela Pl+?	inf

sin‰ Pron Pers Ade Pl	sin‰ Pron Pers Ade Pl+?	inf

sin‰ Pron Pers Abl Pl	sin‰ Pron Pers Abl Pl+?	inf

sin‰ Pron Pers All Pl	sin‰ Pron Pers All Pl+?	inf

sin‰ Pron Pers Tra Pl	sin‰ Pron Pers Tra Pl+?	inf

sin‰ Pron Pers Abe Pl	sin‰ Pron Pers Abe Pl+?	inf

sin‰ Pron Pers Ins Pl	sin‰ Pron Pers Ins Pl+?	inf

sin‰ Pron Pers Ess Pl	sin‰ Pron Pers Ess Pl+?	inf

sin‰ Pron Pers Par Pl	sin‰ Pron Pers Par Pl+?	inf

sin‰ Pron Pers Par Pl	sin‰ Pron Pers Par Pl+?	inf

sin‰ Pron Pers Par Pl	sin‰ Pron Pers Par Pl+?	inf

sin‰ Pron Pers Ill Pl	sin‰ Pron Pers Ill Pl+?	inf

sin‰ Pron Pers Ill Pl	sin‰ Pron Pers Ill Pl+?	inf

sin‰ Pron Pers Ill Pl	sin‰ Pron Pers Ill Pl+?	inf

sin‰ Pron Pers Gen Pl	sin‰ Pron Pers Gen Pl+?	inf

sin‰ Pron Pers Gen Pl	sin‰ Pron Pers Gen Pl+?	inf

sin‰ Pron Pers Gen Pl	sin‰ Pron Pers Gen Pl+?	inf

sin‰ Pron Pers Gen Pl	sin‰ Pron Pers Gen Pl+?	inf

sin‰ Pron Pers Gen Pl	sin‰ Pron Pers Gen Pl+?	inf

sin‰ Pron Pers Gen Pl	sin‰ Pron Pers Gen Pl+?	inf

te Pron Pers Nom Sg	te Pron Pers Nom Sg+?	inf

te Pron Pers Par Sg	te Pron Pers Par Sg+?	inf

te Pron Pers Gen Sg	te Pron Pers Gen Sg+?	inf

te Pron Pers Ine Sg	te Pron Pers Ine Sg+?	inf

te Pron Pers Ela Sg	te Pron Pers Ela Sg+?	inf

te Pron Pers Ade Sg	te Pron Pers Ade Sg+?	inf

te Pron Pers Abl Sg	te Pron Pers Abl Sg+?	inf

te Pron Pers All Sg	te Pron Pers All Sg+?	inf

te Pron Pers Tra Sg	te Pron Pers Tra Sg+?	inf

te Pron Pers Abe Sg	te Pron Pers Abe Sg+?	inf

te Pron Pers Ess Sg	te Pron Pers Ess Sg+?	inf

te Pron Pers Ill Sg	te Pron Pers Ill Sg+?	inf

te Pron Pers Nom Pl	te	312,000000

te Pron Pers Ine Pl	teiss‰	312,000000

te Pron Pers Ela Pl	teist‰	312,000000

te Pron Pers Ade Pl	teill‰	312,000000

te Pron Pers Abl Pl	teilt‰	312,000000

te Pron Pers All Pl	teille	312,000000

te Pron Pers Tra Pl	teiksi	312,000000

te Pron Pers Abe Pl	teitt‰	312,000000

te Pron Pers Ins Pl	tein	312,000000

te Pron Pers Ess Pl	tein‰	312,000000

te Pron Pers Par Pl	teit‰	312,000000

te Pron Pers Par Pl	teit‰	312,000000

te Pron Pers Par Pl	teit‰	312,000000

te Pron Pers Ill Pl	teihin	312,000000

te Pron Pers Ill Pl	teihin	312,000000

te Pron Pers Ill Pl	teihin	312,000000

te Pron Pers Gen Pl	teid‰n	312,000000

te Pron Pers Gen Pl	teid‰n	312,000000

te Pron Pers Gen Pl	teid‰n	312,000000

te Pron Pers Gen Pl	teid‰n	312,000000

te Pron Pers Gen Pl	teid‰n	312,000000

te Pron Pers Gen Pl	teid‰n	312,000000

h‰n Pron Pers Nom Sg	h‰n	312,000000

h‰n Pron Pers Par Sg	h‰ne‰	312,000000

h‰n Pron Pers Gen Sg	h‰nen	312,000000

h‰n Pron Pers Ine Sg	h‰ness‰	312,000000

h‰n Pron Pers Ela Sg	h‰nest‰	312,000000

h‰n Pron Pers Ade Sg	h‰nell‰	312,000000

h‰n Pron Pers Abl Sg	h‰nelt‰	312,000000

h‰n Pron Pers All Sg	h‰nelle	312,000000

h‰n Pron Pers Tra Sg	h‰neksi	312,000000

h‰n Pron Pers Abe Sg	h‰nett‰	312,000000

h‰n Pron Pers Ess Sg	h‰nen‰	312,000000

h‰n Pron Pers Ill Sg	h‰neen	312,000000

h‰n Pron Pers Nom Pl	h‰net	312,000000

h‰n Pron Pers Ine Pl	h‰n Pron Pers Ine Pl+?	inf

h‰n Pron Pers Ela Pl	h‰n Pron Pers Ela Pl+?	inf

h‰n Pron Pers Ade Pl	h‰n Pron Pers Ade Pl+?	inf

h‰n Pron Pers Abl Pl	h‰n Pron Pers Abl Pl+?	inf

h‰n Pron Pers All Pl	h‰n Pron Pers All Pl+?	inf

h‰n Pron Pers Tra Pl	h‰n Pron Pers Tra Pl+?	inf

h‰n Pron Pers Abe Pl	h‰n Pron Pers Abe Pl+?	inf

h‰n Pron Pers Ins Pl	h‰n Pron Pers Ins Pl+?	inf

h‰n Pron Pers Ess Pl	h‰n Pron Pers Ess Pl+?	inf

h‰n Pron Pers Par Pl	h‰n Pron Pers Par Pl+?	inf

h‰n Pron Pers Par Pl	h‰n Pron Pers Par Pl+?	inf

h‰n Pron Pers Par Pl	h‰n Pron Pers Par Pl+?	inf

h‰n Pron Pers Ill Pl	h‰n Pron Pers Ill Pl+?	inf

h‰n Pron Pers Ill Pl	h‰n Pron Pers Ill Pl+?	inf

h‰n Pron Pers Ill Pl	h‰n Pron Pers Ill Pl+?	inf

h‰n Pron Pers Gen Pl	h‰n Pron Pers Gen Pl+?	inf

h‰n Pron Pers Gen Pl	h‰n Pron Pers Gen Pl+?	inf

h‰n Pron Pers Gen Pl	h‰n Pron Pers Gen Pl+?	inf

h‰n Pron Pers Gen Pl	h‰n Pron Pers Gen Pl+?	inf

h‰n Pron Pers Gen Pl	h‰n Pron Pers Gen Pl+?	inf

h‰n Pron Pers Gen Pl	h‰n Pron Pers Gen Pl+?	inf

he Pron Pers Nom Sg	he Pron Pers Nom Sg+?	inf

he Pron Pers Par Sg	he Pron Pers Par Sg+?	inf

he Pron Pers Gen Sg	he Pron Pers Gen Sg+?	inf

he Pron Pers Ine Sg	he Pron Pers Ine Sg+?	inf

he Pron Pers Ela Sg	he Pron Pers Ela Sg+?	inf

he Pron Pers Ade Sg	he Pron Pers Ade Sg+?	inf

he Pron Pers Abl Sg	he Pron Pers Abl Sg+?	inf

he Pron Pers All Sg	he Pron Pers All Sg+?	inf

he Pron Pers Tra Sg	he Pron Pers Tra Sg+?	inf

he Pron Pers Abe Sg	he Pron Pers Abe Sg+?	inf

he Pron Pers Ess Sg	he Pron Pers Ess Sg+?	inf

he Pron Pers Ill Sg	he Pron Pers Ill Sg+?	inf

he Pron Pers Nom Pl	he	312,000000

he Pron Pers Ine Pl	heiss‰	312,000000

he Pron Pers Ela Pl	heist‰	312,000000

he Pron Pers Ade Pl	heill‰	312,000000

he Pron Pers Abl Pl	heilt‰	312,000000

he Pron Pers All Pl	heille	312,000000

he Pron Pers Tra Pl	heiksi	312,000000

he Pron Pers Abe Pl	heitt‰	312,000000

he Pron Pers Ins Pl	hein	312,000000

he Pron Pers Ess Pl	hein‰	312,000000

he Pron Pers Par Pl	heit‰	312,000000

he Pron Pers Par Pl	heit‰	312,000000

he Pron Pers Par Pl	heit‰	312,000000

he Pron Pers Ill Pl	heihin	312,000000

he Pron Pers Ill Pl	heihin	312,000000

he Pron Pers Ill Pl	heihin	312,000000

he Pron Pers Gen Pl	heid‰n	312,000000

he Pron Pers Gen Pl	heid‰n	312,000000

he Pron Pers Gen Pl	heid‰n	312,000000

he Pron Pers Gen Pl	heid‰n	312,000000

he Pron Pers Gen Pl	heid‰n	312,000000

he Pron Pers Gen Pl	heid‰n	312,000000

t‰m‰ Pron Dem Nom Sg	t‰m‰	312,000000

t‰m‰ Pron Dem Par Sg	t‰t‰	312,000000

t‰m‰ Pron Dem Gen Sg	t‰m‰n	312,000000

t‰m‰ Pron Dem Ine Sg	t‰ss‰	312,000000

t‰m‰ Pron Dem Ela Sg	t‰st‰	312,000000

t‰m‰ Pron Dem Ade Sg	t‰ll‰	312,000000

t‰m‰ Pron Dem Abl Sg	t‰lt‰	312,000000

t‰m‰ Pron Dem All Sg	t‰lle	312,000000

t‰m‰ Pron Dem Tra Sg	t‰ksi	312,000000

t‰m‰ Pron Dem Abe Sg	t‰tt‰	312,000000

t‰m‰ Pron Dem Ess Sg	t‰n‰	312,000000

t‰m‰ Pron Dem Ill Sg	t‰h‰n	312,000000

t‰m‰ Pron Dem Nom Pl	t‰t	312,000000

t‰m‰ Pron Dem Ine Pl	t‰m‰ Pron Dem Ine Pl+?	inf

t‰m‰ Pron Dem Ela Pl	t‰m‰ Pron Dem Ela Pl+?	inf

t‰m‰ Pron Dem Ade Pl	t‰m‰ Pron Dem Ade Pl+?	inf

t‰m‰ Pron Dem Abl Pl	t‰m‰ Pron Dem Abl Pl+?	inf

t‰m‰ Pron Dem All Pl	t‰m‰ Pron Dem All Pl+?	inf

t‰m‰ Pron Dem Tra Pl	t‰m‰ Pron Dem Tra Pl+?	inf

t‰m‰ Pron Dem Abe Pl	t‰m‰ Pron Dem Abe Pl+?	inf

t‰m‰ Pron Dem Ins Pl	t‰m‰ Pron Dem Ins Pl+?	inf

t‰m‰ Pron Dem Ess Pl	t‰m‰ Pron Dem Ess Pl+?	inf

t‰m‰ Pron Dem Par Pl	t‰m‰ Pron Dem Par Pl+?	inf

t‰m‰ Pron Dem Par Pl	t‰m‰ Pron Dem Par Pl+?	inf

t‰m‰ Pron Dem Par Pl	t‰m‰ Pron Dem Par Pl+?	inf

t‰m‰ Pron Dem Ill Pl	t‰m‰ Pron Dem Ill Pl+?	inf

t‰m‰ Pron Dem Ill Pl	t‰m‰ Pron Dem Ill Pl+?	inf

t‰m‰ Pron Dem Ill Pl	t‰m‰ Pron Dem Ill Pl+?	inf

t‰m‰ Pron Dem Gen Pl	t‰m‰ Pron Dem Gen Pl+?	inf

t‰m‰ Pron Dem Gen Pl	t‰m‰ Pron Dem Gen Pl+?	inf

t‰m‰ Pron Dem Gen Pl	t‰m‰ Pron Dem Gen Pl+?	inf

t‰m‰ Pron Dem Gen Pl	t‰m‰ Pron Dem Gen Pl+?	inf

t‰m‰ Pron Dem Gen Pl	t‰m‰ Pron Dem Gen Pl+?	inf

t‰m‰ Pron Dem Gen Pl	t‰m‰ Pron Dem Gen Pl+?	inf

n‰m‰ Pron Dem Nom Sg	n‰m‰ Pron Dem Nom Sg+?	inf

n‰m‰ Pron Dem Par Sg	n‰m‰ Pron Dem Par Sg+?	inf

n‰m‰ Pron Dem Gen Sg	n‰m‰ Pron Dem Gen Sg+?	inf

n‰m‰ Pron Dem Ine Sg	n‰m‰ Pron Dem Ine Sg+?	inf

n‰m‰ Pron Dem Ela Sg	n‰m‰ Pron Dem Ela Sg+?	inf

n‰m‰ Pron Dem Ade Sg	n‰m‰ Pron Dem Ade Sg+?	inf

n‰m‰ Pron Dem Abl Sg	n‰m‰ Pron Dem Abl Sg+?	inf

n‰m‰ Pron Dem All Sg	n‰m‰ Pron Dem All Sg+?	inf

n‰m‰ Pron Dem Tra Sg	n‰m‰ Pron Dem Tra Sg+?	inf

n‰m‰ Pron Dem Abe Sg	n‰m‰ Pron Dem Abe Sg+?	inf

n‰m‰ Pron Dem Ess Sg	n‰m‰ Pron Dem Ess Sg+?	inf

n‰m‰ Pron Dem Ill Sg	n‰m‰ Pron Dem Ill Sg+?	inf

n‰m‰ Pron Dem Nom Pl	n‰m‰	312,000000

n‰m‰ Pron Dem Ine Pl	n‰iss‰	312,000000

n‰m‰ Pron Dem Ela Pl	n‰ist‰	312,000000

n‰m‰ Pron Dem Ade Pl	n‰ill‰	312,000000

n‰m‰ Pron Dem Abl Pl	n‰ilt‰	312,000000

n‰m‰ Pron Dem All Pl	n‰ille	312,000000

n‰m‰ Pron Dem Tra Pl	n‰iksi	312,000000

n‰m‰ Pron Dem Abe Pl	n‰itt‰	312,000000

n‰m‰ Pron Dem Ins Pl	n‰in	312,000000

n‰m‰ Pron Dem Ess Pl	n‰in‰	312,000000

n‰m‰ Pron Dem Par Pl	n‰it‰	312,000000

n‰m‰ Pron Dem Par Pl	n‰it‰	312,000000

n‰m‰ Pron Dem Par Pl	n‰it‰	312,000000

n‰m‰ Pron Dem Ill Pl	n‰ihin	312,000000

n‰m‰ Pron Dem Ill Pl	n‰ihin	312,000000

n‰m‰ Pron Dem Ill Pl	n‰ihin	312,000000

n‰m‰ Pron Dem Gen Pl	n‰iden	312,000000
n‰m‰ Pron Dem Gen Pl	n‰itten	312,000000

n‰m‰ Pron Dem Gen Pl	n‰iden	312,000000
n‰m‰ Pron Dem Gen Pl	n‰itten	312,000000

n‰m‰ Pron Dem Gen Pl	n‰iden	312,000000
n‰m‰ Pron Dem Gen Pl	n‰itten	312,000000

n‰m‰ Pron Dem Gen Pl	n‰iden	312,000000
n‰m‰ Pron Dem Gen Pl	n‰itten	312,000000

n‰m‰ Pron Dem Gen Pl	n‰iden	312,000000
n‰m‰ Pron Dem Gen Pl	n‰itten	312,000000

n‰m‰ Pron Dem Gen Pl	n‰iden	312,000000
n‰m‰ Pron Dem Gen Pl	n‰itten	312,000000

tuo Pron Dem Nom Sg	t	312,000000

tuo Pron Dem Par Sg	tta	312,000000

tuo Pron Dem Gen Sg	tuo Pron Dem Gen Sg+?	inf

tuo Pron Dem Ine Sg	tssa	312,000000

tuo Pron Dem Ela Sg	tsta	312,000000

tuo Pron Dem Ade Sg	tlla	312,000000

tuo Pron Dem Abl Sg	tlta	312,000000

tuo Pron Dem All Sg	tlle	312,000000

tuo Pron Dem Tra Sg	tksi	312,000000

tuo Pron Dem Abe Sg	ttta	312,000000

tuo Pron Dem Ess Sg	tna	312,000000

tuo Pron Dem Ill Sg	tuo Pron Dem Ill Sg+?	inf

tuo Pron Dem Nom Pl	tt	312,000000

tuo Pron Dem Ine Pl	tuo Pron Dem Ine Pl+?	inf

tuo Pron Dem Ela Pl	tuo Pron Dem Ela Pl+?	inf

tuo Pron Dem Ade Pl	tuo Pron Dem Ade Pl+?	inf

tuo Pron Dem Abl Pl	tuo Pron Dem Abl Pl+?	inf

tuo Pron Dem All Pl	tuo Pron Dem All Pl+?	inf

tuo Pron Dem Tra Pl	tuo Pron Dem Tra Pl+?	inf

tuo Pron Dem Abe Pl	tuo Pron Dem Abe Pl+?	inf

tuo Pron Dem Ins Pl	tuo Pron Dem Ins Pl+?	inf

tuo Pron Dem Ess Pl	tuo Pron Dem Ess Pl+?	inf

tuo Pron Dem Par Pl	tuo Pron Dem Par Pl+?	inf

tuo Pron Dem Par Pl	tuo Pron Dem Par Pl+?	inf

tuo Pron Dem Par Pl	tuo Pron Dem Par Pl+?	inf

tuo Pron Dem Ill Pl	tuo Pron Dem Ill Pl+?	inf

tuo Pron Dem Ill Pl	tuo Pron Dem Ill Pl+?	inf

tuo Pron Dem Ill Pl	tuo Pron Dem Ill Pl+?	inf

tuo Pron Dem Gen Pl	tuo Pron Dem Gen Pl+?	inf

tuo Pron Dem Gen Pl	tuo Pron Dem Gen Pl+?	inf

tuo Pron Dem Gen Pl	tuo Pron Dem Gen Pl+?	inf

tuo Pron Dem Gen Pl	tuo Pron Dem Gen Pl+?	inf

tuo Pron Dem Gen Pl	tuo Pron Dem Gen Pl+?	inf

tuo Pron Dem Gen Pl	tuo Pron Dem Gen Pl+?	inf

nuo Pron Dem Nom Sg	nuo Pron Dem Nom Sg+?	inf

nuo Pron Dem Par Sg	nuo Pron Dem Par Sg+?	inf

nuo Pron Dem Gen Sg	nuo Pron Dem Gen Sg+?	inf

nuo Pron Dem Ine Sg	nuo Pron Dem Ine Sg+?	inf

nuo Pron Dem Ela Sg	nuo Pron Dem Ela Sg+?	inf

nuo Pron Dem Ade Sg	nuo Pron Dem Ade Sg+?	inf

nuo Pron Dem Abl Sg	nuo Pron Dem Abl Sg+?	inf

nuo Pron Dem All Sg	nuo Pron Dem All Sg+?	inf

nuo Pron Dem Tra Sg	nuo Pron Dem Tra Sg+?	inf

nuo Pron Dem Abe Sg	nuo Pron Dem Abe Sg+?	inf

nuo Pron Dem Ess Sg	nuo Pron Dem Ess Sg+?	inf

nuo Pron Dem Ill Sg	nuo Pron Dem Ill Sg+?	inf

nuo Pron Dem Nom Pl	nuo	312,000000

nuo Pron Dem Ine Pl	noissa	312,000000

nuo Pron Dem Ela Pl	noista	312,000000

nuo Pron Dem Ade Pl	noilla	312,000000

nuo Pron Dem Abl Pl	noilta	312,000000

nuo Pron Dem All Pl	noille	312,000000

nuo Pron Dem Tra Pl	noiksi	312,000000

nuo Pron Dem Abe Pl	noitta	312,000000

nuo Pron Dem Ins Pl	noin	312,000000

nuo Pron Dem Ess Pl	noina	312,000000

nuo Pron Dem Par Pl	noita	312,000000

nuo Pron Dem Par Pl	noita	312,000000

nuo Pron Dem Par Pl	noita	312,000000

nuo Pron Dem Ill Pl	noihin	312,000000

nuo Pron Dem Ill Pl	noihin	312,000000

nuo Pron Dem Ill Pl	noihin	312,000000

nuo Pron Dem Gen Pl	noiden	312,000000
nuo Pron Dem Gen Pl	noitten	312,000000

nuo Pron Dem Gen Pl	noiden	312,000000
nuo Pron Dem Gen Pl	noitten	312,000000

nuo Pron Dem Gen Pl	noiden	312,000000
nuo Pron Dem Gen Pl	noitten	312,000000

nuo Pron Dem Gen Pl	noiden	312,000000
nuo Pron Dem Gen Pl	noitten	312,000000

nuo Pron Dem Gen Pl	noiden	312,000000
nuo Pron Dem Gen Pl	noitten	312,000000

nuo Pron Dem Gen Pl	noiden	312,000000
nuo Pron Dem Gen Pl	noitten	312,000000

se Pron Dem Nom Sg	se	312,000000

se Pron Dem Par Sg	sit‰	312,000000

se Pron Dem Gen Sg	sen	312,000000

se Pron Dem Ine Sg	siss‰	312,000000
se Pron Dem Ine Sg	siin‰	312,000000

se Pron Dem Ela Sg	sist‰	312,000000
se Pron Dem Ela Sg	siit‰	312,000000

se Pron Dem Ade Sg	sill‰	312,000000

se Pron Dem Abl Sg	silt‰	312,000000

se Pron Dem All Sg	sille	312,000000

se Pron Dem Tra Sg	siksi	312,000000

se Pron Dem Abe Sg	sitt‰	312,000000

se Pron Dem Ess Sg	sin‰	312,000000

se Pron Dem Ill Sg	siihen	312,000000

se Pron Dem Nom Pl	sit	312,000000

se Pron Dem Ine Pl	se Pron Dem Ine Pl+?	inf

se Pron Dem Ela Pl	se Pron Dem Ela Pl+?	inf

se Pron Dem Ade Pl	se Pron Dem Ade Pl+?	inf

se Pron Dem Abl Pl	se Pron Dem Abl Pl+?	inf

se Pron Dem All Pl	se Pron Dem All Pl+?	inf

se Pron Dem Tra Pl	se Pron Dem Tra Pl+?	inf

se Pron Dem Abe Pl	se Pron Dem Abe Pl+?	inf

se Pron Dem Ins Pl	se Pron Dem Ins Pl+?	inf

se Pron Dem Ess Pl	se Pron Dem Ess Pl+?	inf

se Pron Dem Par Pl	se Pron Dem Par Pl+?	inf

se Pron Dem Par Pl	se Pron Dem Par Pl+?	inf

se Pron Dem Par Pl	se Pron Dem Par Pl+?	inf

se Pron Dem Ill Pl	se Pron Dem Ill Pl+?	inf

se Pron Dem Ill Pl	se Pron Dem Ill Pl+?	inf

se Pron Dem Ill Pl	se Pron Dem Ill Pl+?	inf

se Pron Dem Gen Pl	se Pron Dem Gen Pl+?	inf

se Pron Dem Gen Pl	se Pron Dem Gen Pl+?	inf

se Pron Dem Gen Pl	se Pron Dem Gen Pl+?	inf

se Pron Dem Gen Pl	se Pron Dem Gen Pl+?	inf

se Pron Dem Gen Pl	se Pron Dem Gen Pl+?	inf

se Pron Dem Gen Pl	se Pron Dem Gen Pl+?	inf

ne Pron Dem Nom Sg	ne Pron Dem Nom Sg+?	inf

ne Pron Dem Par Sg	nit‰	312,000000

ne Pron Dem Gen Sg	ne Pron Dem Gen Sg+?	inf

ne Pron Dem Ine Sg	ne Pron Dem Ine Sg+?	inf

ne Pron Dem Ela Sg	ne Pron Dem Ela Sg+?	inf

ne Pron Dem Ade Sg	ne Pron Dem Ade Sg+?	inf

ne Pron Dem Abl Sg	ne Pron Dem Abl Sg+?	inf

ne Pron Dem All Sg	ne Pron Dem All Sg+?	inf

ne Pron Dem Tra Sg	ne Pron Dem Tra Sg+?	inf

ne Pron Dem Abe Sg	ne Pron Dem Abe Sg+?	inf

ne Pron Dem Ess Sg	ne Pron Dem Ess Sg+?	inf

ne Pron Dem Ill Sg	ne Pron Dem Ill Sg+?	inf

ne Pron Dem Nom Pl	ne	312,000000

ne Pron Dem Ine Pl	niiss‰	312,000000

ne Pron Dem Ela Pl	niist‰	312,000000

ne Pron Dem Ade Pl	niill‰	312,000000

ne Pron Dem Abl Pl	niilt‰	312,000000

ne Pron Dem All Pl	niille	312,000000

ne Pron Dem Tra Pl	niiksi	312,000000

ne Pron Dem Abe Pl	niitt‰	312,000000

ne Pron Dem Ins Pl	niin	312,000000

ne Pron Dem Ess Pl	niin‰	312,000000

ne Pron Dem Par Pl	niit‰	312,000000

ne Pron Dem Par Pl	niit‰	312,000000

ne Pron Dem Par Pl	niit‰	312,000000

ne Pron Dem Ill Pl	niihin	312,000000

ne Pron Dem Ill Pl	niihin	312,000000

ne Pron Dem Ill Pl	niihin	312,000000

ne Pron Dem Gen Pl	niiden	312,000000
ne Pron Dem Gen Pl	niitten	312,000000

ne Pron Dem Gen Pl	niiden	312,000000
ne Pron Dem Gen Pl	niitten	312,000000

ne Pron Dem Gen Pl	niiden	312,000000
ne Pron Dem Gen Pl	niitten	312,000000

ne Pron Dem Gen Pl	niiden	312,000000
ne Pron Dem Gen Pl	niitten	312,000000

ne Pron Dem Gen Pl	niiden	312,000000
ne Pron Dem Gen Pl	niitten	312,000000

ne Pron Dem Gen Pl	niiden	312,000000
ne Pron Dem Gen Pl	niitten	312,000000

itse Pron Refl Nom Sg	itse	312,000000

itse Pron Refl Par Sg	itse‰	312,000000

itse Pron Refl Gen Sg	itse Pron Refl Gen Sg+?	inf

itse Pron Refl Ine Sg	itsess‰	312,000000

itse Pron Refl Ela Sg	itsest‰	312,000000

itse Pron Refl Ade Sg	itsell‰	312,000000

itse Pron Refl Abl Sg	itselt‰	312,000000

itse Pron Refl All Sg	itselle	312,000000

itse Pron Refl Tra Sg	itseksi	312,000000

itse Pron Refl Abe Sg	itsett‰	312,000000

itse Pron Refl Ess Sg	itsen‰	312,000000

itse Pron Refl Ill Sg	itseen	312,000000

itse Pron Refl Nom Pl	itset	312,000000

itse Pron Refl Ine Pl	itseiss‰	312,000000

itse Pron Refl Ela Pl	itseist‰	312,000000

itse Pron Refl Ade Pl	itseill‰	312,000000

itse Pron Refl Abl Pl	itseilt‰	312,000000

itse Pron Refl All Pl	itseille	312,000000

itse Pron Refl Tra Pl	itseiksi	312,000000

itse Pron Refl Abe Pl	itseitt‰	312,000000

itse Pron Refl Ins Pl	itsein	312,000000

itse Pron Refl Ess Pl	itsein‰	312,000000

itse Pron Refl Par Pl	itsej‰	312,000000

itse Pron Refl Par Pl	itsej‰	312,000000

itse Pron Refl Par Pl	itsej‰	312,000000

itse Pron Refl Ill Pl	itseihin	312,000000

itse Pron Refl Ill Pl	itseihin	312,000000

itse Pron Refl Ill Pl	itseihin	312,000000

itse Pron Refl Gen Pl	itsein	312,000000
itse Pron Refl Gen Pl	itsejen	312,000000

itse Pron Refl Gen Pl	itsein	312,000000
itse Pron Refl Gen Pl	itsejen	312,000000

itse Pron Refl Gen Pl	itsein	312,000000
itse Pron Refl Gen Pl	itsejen	312,000000

itse Pron Refl Gen Pl	itsein	312,000000
itse Pron Refl Gen Pl	itsejen	312,000000

itse Pron Refl Gen Pl	itsein	312,000000
itse Pron Refl Gen Pl	itsejen	312,000000

itse Pron Refl Gen Pl	itsein	312,000000
itse Pron Refl Gen Pl	itsejen	312,000000

muu Pron Qnt Nom Sg	muu	312,000000

muu Pron Qnt Par Sg	muuta	312,000000

muu Pron Qnt Gen Sg	muun	312,000000

muu Pron Qnt Ine Sg	muussa	312,000000

muu Pron Qnt Ela Sg	muusta	312,000000

muu Pron Qnt Ade Sg	muulla	312,000000

muu Pron Qnt Abl Sg	muulta	312,000000

muu Pron Qnt All Sg	muulle	312,000000

muu Pron Qnt Tra Sg	muuksi	312,000000

muu Pron Qnt Abe Sg	muutta	312,000000

muu Pron Qnt Ess Sg	muuna	312,000000

muu Pron Qnt Ill Sg	muuhun	312,000000

muu Pron Qnt Nom Pl	muut	312,000000

muu Pron Qnt Ine Pl	muissa	312,000000

muu Pron Qnt Ela Pl	muista	312,000000

muu Pron Qnt Ade Pl	muilla	312,000000

muu Pron Qnt Abl Pl	muilta	312,000000

muu Pron Qnt All Pl	muille	312,000000

muu Pron Qnt Tra Pl	muiksi	312,000000

muu Pron Qnt Abe Pl	muitta	312,000000

muu Pron Qnt Ins Pl	muin	312,000000

muu Pron Qnt Ess Pl	muina	312,000000

muu Pron Qnt Par Pl	muita	312,000000

muu Pron Qnt Par Pl	muita	312,000000

muu Pron Qnt Par Pl	muita	312,000000

muu Pron Qnt Ill Pl	muihin	312,000000

muu Pron Qnt Ill Pl	muihin	312,000000

muu Pron Qnt Ill Pl	muihin	312,000000

muu Pron Qnt Gen Pl	muiden	312,000000
muu Pron Qnt Gen Pl	muitten	312,000000

muu Pron Qnt Gen Pl	muiden	312,000000
muu Pron Qnt Gen Pl	muitten	312,000000

muu Pron Qnt Gen Pl	muiden	312,000000
muu Pron Qnt Gen Pl	muitten	312,000000

muu Pron Qnt Gen Pl	muiden	312,000000
muu Pron Qnt Gen Pl	muitten	312,000000

muu Pron Qnt Gen Pl	muiden	312,000000
muu Pron Qnt Gen Pl	muitten	312,000000

muu Pron Qnt Gen Pl	muiden	312,000000
muu Pron Qnt Gen Pl	muitten	312,000000

jompikumpi Pron Qnt Nom Sg	jompikumpi Pron Qnt Nom Sg+?	inf

jompikumpi Pron Qnt Par Sg	jompikumpi Pron Qnt Par Sg+?	inf

jompikumpi Pron Qnt Gen Sg	jompikumpi Pron Qnt Gen Sg+?	inf

jompikumpi Pron Qnt Ine Sg	jompikumpi Pron Qnt Ine Sg+?	inf

jompikumpi Pron Qnt Ela Sg	jompikumpi Pron Qnt Ela Sg+?	inf

jompikumpi Pron Qnt Ade Sg	jompikumpi Pron Qnt Ade Sg+?	inf

jompikumpi Pron Qnt Abl Sg	jompikumpi Pron Qnt Abl Sg+?	inf

jompikumpi Pron Qnt All Sg	jompikumpi Pron Qnt All Sg+?	inf

jompikumpi Pron Qnt Tra Sg	jompikumpi Pron Qnt Tra Sg+?	inf

jompikumpi Pron Qnt Abe Sg	jompikumpi Pron Qnt Abe Sg+?	inf

jompikumpi Pron Qnt Ess Sg	jompikumpi Pron Qnt Ess Sg+?	inf

jompikumpi Pron Qnt Ill Sg	jompikumpi Pron Qnt Ill Sg+?	inf

jompikumpi Pron Qnt Nom Pl	jompikumpi Pron Qnt Nom Pl+?	inf

jompikumpi Pron Qnt Ine Pl	jompikumpi Pron Qnt Ine Pl+?	inf

jompikumpi Pron Qnt Ela Pl	jompikumpi Pron Qnt Ela Pl+?	inf

jompikumpi Pron Qnt Ade Pl	jompikumpi Pron Qnt Ade Pl+?	inf

jompikumpi Pron Qnt Abl Pl	jompikumpi Pron Qnt Abl Pl+?	inf

jompikumpi Pron Qnt All Pl	jompikumpi Pron Qnt All Pl+?	inf

jompikumpi Pron Qnt Tra Pl	jompikumpi Pron Qnt Tra Pl+?	inf

jompikumpi Pron Qnt Abe Pl	jompikumpi Pron Qnt Abe Pl+?	inf

jompikumpi Pron Qnt Ins Pl	jompikumpi Pron Qnt Ins Pl+?	inf

jompikumpi Pron Qnt Ess Pl	jompikumpi Pron Qnt Ess Pl+?	inf

jompikumpi Pron Qnt Par Pl	jompikumpi Pron Qnt Par Pl+?	inf

jompikumpi Pron Qnt Par Pl	jompikumpi Pron Qnt Par Pl+?	inf

jompikumpi Pron Qnt Par Pl	jompikumpi Pron Qnt Par Pl+?	inf

jompikumpi Pron Qnt Ill Pl	jompikumpi Pron Qnt Ill Pl+?	inf

jompikumpi Pron Qnt Ill Pl	jompikumpi Pron Qnt Ill Pl+?	inf

jompikumpi Pron Qnt Ill Pl	jompikumpi Pron Qnt Ill Pl+?	inf

jompikumpi Pron Qnt Gen Pl	jompikumpi Pron Qnt Gen Pl+?	inf

jompikumpi Pron Qnt Gen Pl	jompikumpi Pron Qnt Gen Pl+?	inf

jompikumpi Pron Qnt Gen Pl	jompikumpi Pron Qnt Gen Pl+?	inf

jompikumpi Pron Qnt Gen Pl	jompikumpi Pron Qnt Gen Pl+?	inf

jompikumpi Pron Qnt Gen Pl	jompikumpi Pron Qnt Gen Pl+?	inf

jompikumpi Pron Qnt Gen Pl	jompikumpi Pron Qnt Gen Pl+?	inf

kaikki Pron Qnt Nom Sg	kaikki	312,000000

kaikki Pron Qnt Par Sg	kaikkea	312,000000

kaikki Pron Qnt Gen Sg	kaiken	312,000000

kaikki Pron Qnt Ine Sg	kaikessa	312,000000

kaikki Pron Qnt Ela Sg	kaikesta	312,000000

kaikki Pron Qnt Ade Sg	kaikella	312,000000

kaikki Pron Qnt Abl Sg	kaikelta	312,000000

kaikki Pron Qnt All Sg	kaikelle	312,000000

kaikki Pron Qnt Tra Sg	kaikeksi	312,000000

kaikki Pron Qnt Abe Sg	kaiketta	312,000000

kaikki Pron Qnt Ess Sg	kaikkena	312,000000

kaikki Pron Qnt Ill Sg	kaikkein	312,000000

kaikki Pron Qnt Nom Pl	kaiket	312,000000

kaikki Pron Qnt Ine Pl	kaikissa	312,000000

kaikki Pron Qnt Ela Pl	kaikista	312,000000

kaikki Pron Qnt Ade Pl	kaikilla	312,000000

kaikki Pron Qnt Abl Pl	kaikilta	312,000000

kaikki Pron Qnt All Pl	kaikille	312,000000

kaikki Pron Qnt Tra Pl	kaikiksi	312,000000

kaikki Pron Qnt Abe Pl	kaikitta	312,000000

kaikki Pron Qnt Ins Pl	kaikin	312,000000

kaikki Pron Qnt Ess Pl	kaikkina	312,000000

kaikki Pron Qnt Par Pl	kaikkia	312,000000

kaikki Pron Qnt Par Pl	kaikkia	312,000000

kaikki Pron Qnt Par Pl	kaikkia	312,000000

kaikki Pron Qnt Ill Pl	kaikkiin	312,000000

kaikki Pron Qnt Ill Pl	kaikkiin	312,000000

kaikki Pron Qnt Ill Pl	kaikkiin	312,000000

kaikki Pron Qnt Gen Pl	kaikkien	312,000000

kaikki Pron Qnt Gen Pl	kaikkien	312,000000

kaikki Pron Qnt Gen Pl	kaikkien	312,000000

kaikki Pron Qnt Gen Pl	kaikkien	312,000000

kaikki Pron Qnt Gen Pl	kaikkien	312,000000

kaikki Pron Qnt Gen Pl	kaikkien	312,000000

kumpikin Pron Qnt Nom Sg	kumpikin Pron Qnt Nom Sg+?	inf

kumpikin Pron Qnt Par Sg	kumpikin Pron Qnt Par Sg+?	inf

kumpikin Pron Qnt Gen Sg	kumpikin Pron Qnt Gen Sg+?	inf

kumpikin Pron Qnt Ine Sg	kumpikin Pron Qnt Ine Sg+?	inf

kumpikin Pron Qnt Ela Sg	kumpikin Pron Qnt Ela Sg+?	inf

kumpikin Pron Qnt Ade Sg	kumpikin Pron Qnt Ade Sg+?	inf

kumpikin Pron Qnt Abl Sg	kumpikin Pron Qnt Abl Sg+?	inf

kumpikin Pron Qnt All Sg	kumpikin Pron Qnt All Sg+?	inf

kumpikin Pron Qnt Tra Sg	kumpikin Pron Qnt Tra Sg+?	inf

kumpikin Pron Qnt Abe Sg	kumpikin Pron Qnt Abe Sg+?	inf

kumpikin Pron Qnt Ess Sg	kumpikin Pron Qnt Ess Sg+?	inf

kumpikin Pron Qnt Ill Sg	kumpikin Pron Qnt Ill Sg+?	inf

kumpikin Pron Qnt Nom Pl	kumpikin Pron Qnt Nom Pl+?	inf

kumpikin Pron Qnt Ine Pl	kumpikin Pron Qnt Ine Pl+?	inf

kumpikin Pron Qnt Ela Pl	kumpikin Pron Qnt Ela Pl+?	inf

kumpikin Pron Qnt Ade Pl	kumpikin Pron Qnt Ade Pl+?	inf

kumpikin Pron Qnt Abl Pl	kumpikin Pron Qnt Abl Pl+?	inf

kumpikin Pron Qnt All Pl	kumpikin Pron Qnt All Pl+?	inf

kumpikin Pron Qnt Tra Pl	kumpikin Pron Qnt Tra Pl+?	inf

kumpikin Pron Qnt Abe Pl	kumpikin Pron Qnt Abe Pl+?	inf

kumpikin Pron Qnt Ins Pl	kumpikin Pron Qnt Ins Pl+?	inf

kumpikin Pron Qnt Ess Pl	kumpikin Pron Qnt Ess Pl+?	inf

kumpikin Pron Qnt Par Pl	kumpikin Pron Qnt Par Pl+?	inf

kumpikin Pron Qnt Par Pl	kumpikin Pron Qnt Par Pl+?	inf

kumpikin Pron Qnt Par Pl	kumpikin Pron Qnt Par Pl+?	inf

kumpikin Pron Qnt Ill Pl	kumpikin Pron Qnt Ill Pl+?	inf

kumpikin Pron Qnt Ill Pl	kumpikin Pron Qnt Ill Pl+?	inf

kumpikin Pron Qnt Ill Pl	kumpikin Pron Qnt Ill Pl+?	inf

kumpikin Pron Qnt Gen Pl	kumpikin Pron Qnt Gen Pl+?	inf

kumpikin Pron Qnt Gen Pl	kumpikin Pron Qnt Gen Pl+?	inf

kumpikin Pron Qnt Gen Pl	kumpikin Pron Qnt Gen Pl+?	inf

kumpikin Pron Qnt Gen Pl	kumpikin Pron Qnt Gen Pl+?	inf

kumpikin Pron Qnt Gen Pl	kumpikin Pron Qnt Gen Pl+?	inf

kumpikin Pron Qnt Gen Pl	kumpikin Pron Qnt Gen Pl+?	inf

kumpikaan Pron Qnt Nom Sg	kumpikaan Pron Qnt Nom Sg+?	inf

kumpikaan Pron Qnt Par Sg	kumpikaan Pron Qnt Par Sg+?	inf

kumpikaan Pron Qnt Gen Sg	kumpikaan Pron Qnt Gen Sg+?	inf

kumpikaan Pron Qnt Ine Sg	kumpikaan Pron Qnt Ine Sg+?	inf

kumpikaan Pron Qnt Ela Sg	kumpikaan Pron Qnt Ela Sg+?	inf

kumpikaan Pron Qnt Ade Sg	kumpikaan Pron Qnt Ade Sg+?	inf

kumpikaan Pron Qnt Abl Sg	kumpikaan Pron Qnt Abl Sg+?	inf

kumpikaan Pron Qnt All Sg	kumpikaan Pron Qnt All Sg+?	inf

kumpikaan Pron Qnt Tra Sg	kumpikaan Pron Qnt Tra Sg+?	inf

kumpikaan Pron Qnt Abe Sg	kumpikaan Pron Qnt Abe Sg+?	inf

kumpikaan Pron Qnt Ess Sg	kumpikaan Pron Qnt Ess Sg+?	inf

kumpikaan Pron Qnt Ill Sg	kumpikaan Pron Qnt Ill Sg+?	inf

kumpikaan Pron Qnt Nom Pl	kumpikaan Pron Qnt Nom Pl+?	inf

kumpikaan Pron Qnt Ine Pl	kumpikaan Pron Qnt Ine Pl+?	inf

kumpikaan Pron Qnt Ela Pl	kumpikaan Pron Qnt Ela Pl+?	inf

kumpikaan Pron Qnt Ade Pl	kumpikaan Pron Qnt Ade Pl+?	inf

kumpikaan Pron Qnt Abl Pl	kumpikaan Pron Qnt Abl Pl+?	inf

kumpikaan Pron Qnt All Pl	kumpikaan Pron Qnt All Pl+?	inf

kumpikaan Pron Qnt Tra Pl	kumpikaan Pron Qnt Tra Pl+?	inf

kumpikaan Pron Qnt Abe Pl	kumpikaan Pron Qnt Abe Pl+?	inf

kumpikaan Pron Qnt Ins Pl	kumpikaan Pron Qnt Ins Pl+?	inf

kumpikaan Pron Qnt Ess Pl	kumpikaan Pron Qnt Ess Pl+?	inf

kumpikaan Pron Qnt Par Pl	kumpikaan Pron Qnt Par Pl+?	inf

kumpikaan Pron Qnt Par Pl	kumpikaan Pron Qnt Par Pl+?	inf

kumpikaan Pron Qnt Par Pl	kumpikaan Pron Qnt Par Pl+?	inf

kumpikaan Pron Qnt Ill Pl	kumpikaan Pron Qnt Ill Pl+?	inf

kumpikaan Pron Qnt Ill Pl	kumpikaan Pron Qnt Ill Pl+?	inf

kumpikaan Pron Qnt Ill Pl	kumpikaan Pron Qnt Ill Pl+?	inf

kumpikaan Pron Qnt Gen Pl	kumpikaan Pron Qnt Gen Pl+?	inf

kumpikaan Pron Qnt Gen Pl	kumpikaan Pron Qnt Gen Pl+?	inf

kumpikaan Pron Qnt Gen Pl	kumpikaan Pron Qnt Gen Pl+?	inf

kumpikaan Pron Qnt Gen Pl	kumpikaan Pron Qnt Gen Pl+?	inf

kumpikaan Pron Qnt Gen Pl	kumpikaan Pron Qnt Gen Pl+?	inf

kumpikaan Pron Qnt Gen Pl	kumpikaan Pron Qnt Gen Pl+?	inf

kumpainenkaan Pron Qnt Nom Sg	kumpainenkaan Pron Qnt Nom Sg+?	inf

kumpainenkaan Pron Qnt Par Sg	kumpainenkaan Pron Qnt Par Sg+?	inf

kumpainenkaan Pron Qnt Gen Sg	kumpainenkaan Pron Qnt Gen Sg+?	inf

kumpainenkaan Pron Qnt Ine Sg	kumpainenkaan Pron Qnt Ine Sg+?	inf

kumpainenkaan Pron Qnt Ela Sg	kumpainenkaan Pron Qnt Ela Sg+?	inf

kumpainenkaan Pron Qnt Ade Sg	kumpainenkaan Pron Qnt Ade Sg+?	inf

kumpainenkaan Pron Qnt Abl Sg	kumpainenkaan Pron Qnt Abl Sg+?	inf

kumpainenkaan Pron Qnt All Sg	kumpainenkaan Pron Qnt All Sg+?	inf

kumpainenkaan Pron Qnt Tra Sg	kumpainenkaan Pron Qnt Tra Sg+?	inf

kumpainenkaan Pron Qnt Abe Sg	kumpainenkaan Pron Qnt Abe Sg+?	inf

kumpainenkaan Pron Qnt Ess Sg	kumpainenkaan Pron Qnt Ess Sg+?	inf

kumpainenkaan Pron Qnt Ill Sg	kumpainenkaan Pron Qnt Ill Sg+?	inf

kumpainenkaan Pron Qnt Nom Pl	kumpainenkaan Pron Qnt Nom Pl+?	inf

kumpainenkaan Pron Qnt Ine Pl	kumpainenkaan Pron Qnt Ine Pl+?	inf

kumpainenkaan Pron Qnt Ela Pl	kumpainenkaan Pron Qnt Ela Pl+?	inf

kumpainenkaan Pron Qnt Ade Pl	kumpainenkaan Pron Qnt Ade Pl+?	inf

kumpainenkaan Pron Qnt Abl Pl	kumpainenkaan Pron Qnt Abl Pl+?	inf

kumpainenkaan Pron Qnt All Pl	kumpainenkaan Pron Qnt All Pl+?	inf

kumpainenkaan Pron Qnt Tra Pl	kumpainenkaan Pron Qnt Tra Pl+?	inf

kumpainenkaan Pron Qnt Abe Pl	kumpainenkaan Pron Qnt Abe Pl+?	inf

kumpainenkaan Pron Qnt Ins Pl	kumpainenkaan Pron Qnt Ins Pl+?	inf

kumpainenkaan Pron Qnt Ess Pl	kumpainenkaan Pron Qnt Ess Pl+?	inf

kumpainenkaan Pron Qnt Par Pl	kumpainenkaan Pron Qnt Par Pl+?	inf

kumpainenkaan Pron Qnt Par Pl	kumpainenkaan Pron Qnt Par Pl+?	inf

kumpainenkaan Pron Qnt Par Pl	kumpainenkaan Pron Qnt Par Pl+?	inf

kumpainenkaan Pron Qnt Ill Pl	kumpainenkaan Pron Qnt Ill Pl+?	inf

kumpainenkaan Pron Qnt Ill Pl	kumpainenkaan Pron Qnt Ill Pl+?	inf

kumpainenkaan Pron Qnt Ill Pl	kumpainenkaan Pron Qnt Ill Pl+?	inf

kumpainenkaan Pron Qnt Gen Pl	kumpainenkaan Pron Qnt Gen Pl+?	inf

kumpainenkaan Pron Qnt Gen Pl	kumpainenkaan Pron Qnt Gen Pl+?	inf

kumpainenkaan Pron Qnt Gen Pl	kumpainenkaan Pron Qnt Gen Pl+?	inf

kumpainenkaan Pron Qnt Gen Pl	kumpainenkaan Pron Qnt Gen Pl+?	inf

kumpainenkaan Pron Qnt Gen Pl	kumpainenkaan Pron Qnt Gen Pl+?	inf

kumpainenkaan Pron Qnt Gen Pl	kumpainenkaan Pron Qnt Gen Pl+?	inf

kukin Pron Qnt Nom Sg	kukin	312,000000

kukin Pron Qnt Par Sg	kutakin	312,000000

kukin Pron Qnt Gen Sg	kunkin	312,000000

kukin Pron Qnt Ine Sg	kussakin	312,000000

kukin Pron Qnt Ela Sg	kustakin	312,000000

kukin Pron Qnt Ade Sg	kullakin	312,000000

kukin Pron Qnt Abl Sg	kultakin	312,000000

kukin Pron Qnt All Sg	kullekin	312,000000

kukin Pron Qnt Tra Sg	kuksikin	312,000000

kukin Pron Qnt Abe Sg	kukin Pron Qnt Abe Sg+?	inf

kukin Pron Qnt Ess Sg	kukin Pron Qnt Ess Sg+?	inf

kukin Pron Qnt Ill Sg	kuhunkin	312,000000

kukin Pron Qnt Nom Pl	kukin Pron Qnt Nom Pl+?	inf

kukin Pron Qnt Ine Pl	kuissakin	312,000000

kukin Pron Qnt Ela Pl	kuistakin	312,000000

kukin Pron Qnt Ade Pl	kuillakin	312,000000

kukin Pron Qnt Abl Pl	kuiltakin	312,000000

kukin Pron Qnt All Pl	kuillekin	312,000000

kukin Pron Qnt Tra Pl	kuiksikin	312,000000

kukin Pron Qnt Abe Pl	kukin Pron Qnt Abe Pl+?	inf

kukin Pron Qnt Ins Pl	kukin Pron Qnt Ins Pl+?	inf

kukin Pron Qnt Ess Pl	kukin Pron Qnt Ess Pl+?	inf

kukin Pron Qnt Par Pl	kuitakin	312,000000

kukin Pron Qnt Par Pl	kuitakin	312,000000

kukin Pron Qnt Par Pl	kuitakin	312,000000

kukin Pron Qnt Ill Pl	kuihinkin	312,000000

kukin Pron Qnt Ill Pl	kuihinkin	312,000000

kukin Pron Qnt Ill Pl	kuihinkin	312,000000

kukin Pron Qnt Gen Pl	kuidenkin	312,000000

kukin Pron Qnt Gen Pl	kuidenkin	312,000000

kukin Pron Qnt Gen Pl	kuidenkin	312,000000

kukin Pron Qnt Gen Pl	kuidenkin	312,000000

kukin Pron Qnt Gen Pl	kuidenkin	312,000000

kukin Pron Qnt Gen Pl	kuidenkin	312,000000

kukaan Pron Qnt Nom Sg	kukaan	312,000000

kukaan Pron Qnt Par Sg	ket‰‰n	312,000000

kukaan Pron Qnt Gen Sg	kenenk‰‰n	312,000000

kukaan Pron Qnt Ine Sg	kukaan Pron Qnt Ine Sg+?	inf

kukaan Pron Qnt Ela Sg	kukaan Pron Qnt Ela Sg+?	inf

kukaan Pron Qnt Ade Sg	kell‰‰n	312,000000

kukaan Pron Qnt Abl Sg	kelt‰‰n	312,000000

kukaan Pron Qnt All Sg	kellek‰‰n	312,000000

kukaan Pron Qnt Tra Sg	kukaan Pron Qnt Tra Sg+?	inf

kukaan Pron Qnt Abe Sg	kukaan Pron Qnt Abe Sg+?	inf

kukaan Pron Qnt Ess Sg	kukaan Pron Qnt Ess Sg+?	inf

kukaan Pron Qnt Ill Sg	kukaan Pron Qnt Ill Sg+?	inf

kukaan Pron Qnt Nom Pl	ketk‰‰n	312,000000

kukaan Pron Qnt Ine Pl	kukaan Pron Qnt Ine Pl+?	inf

kukaan Pron Qnt Ela Pl	kukaan Pron Qnt Ela Pl+?	inf

kukaan Pron Qnt Ade Pl	kukaan Pron Qnt Ade Pl+?	inf

kukaan Pron Qnt Abl Pl	kukaan Pron Qnt Abl Pl+?	inf

kukaan Pron Qnt All Pl	kukaan Pron Qnt All Pl+?	inf

kukaan Pron Qnt Tra Pl	kukaan Pron Qnt Tra Pl+?	inf

kukaan Pron Qnt Abe Pl	kukaan Pron Qnt Abe Pl+?	inf

kukaan Pron Qnt Ins Pl	kukaan Pron Qnt Ins Pl+?	inf

kukaan Pron Qnt Ess Pl	kukaan Pron Qnt Ess Pl+?	inf

kukaan Pron Qnt Par Pl	kukaan Pron Qnt Par Pl+?	inf

kukaan Pron Qnt Par Pl	kukaan Pron Qnt Par Pl+?	inf

kukaan Pron Qnt Par Pl	kukaan Pron Qnt Par Pl+?	inf

kukaan Pron Qnt Ill Pl	kukaan Pron Qnt Ill Pl+?	inf

kukaan Pron Qnt Ill Pl	kukaan Pron Qnt Ill Pl+?	inf

kukaan Pron Qnt Ill Pl	kukaan Pron Qnt Ill Pl+?	inf

kukaan Pron Qnt Gen Pl	kukaan Pron Qnt Gen Pl+?	inf

kukaan Pron Qnt Gen Pl	kukaan Pron Qnt Gen Pl+?	inf

kukaan Pron Qnt Gen Pl	kukaan Pron Qnt Gen Pl+?	inf

kukaan Pron Qnt Gen Pl	kukaan Pron Qnt Gen Pl+?	inf

kukaan Pron Qnt Gen Pl	kukaan Pron Qnt Gen Pl+?	inf

kukaan Pron Qnt Gen Pl	kukaan Pron Qnt Gen Pl+?	inf

mikin Pron Qnt Nom Sg	mikin Pron Qnt Nom Sg+?	inf

mikin Pron Qnt Par Sg	mikin Pron Qnt Par Sg+?	inf

mikin Pron Qnt Gen Sg	mikin Pron Qnt Gen Sg+?	inf

mikin Pron Qnt Ine Sg	mikin Pron Qnt Ine Sg+?	inf

mikin Pron Qnt Ela Sg	mikin Pron Qnt Ela Sg+?	inf

mikin Pron Qnt Ade Sg	mikin Pron Qnt Ade Sg+?	inf

mikin Pron Qnt Abl Sg	mikin Pron Qnt Abl Sg+?	inf

mikin Pron Qnt All Sg	mikin Pron Qnt All Sg+?	inf

mikin Pron Qnt Tra Sg	mikin Pron Qnt Tra Sg+?	inf

mikin Pron Qnt Abe Sg	mikin Pron Qnt Abe Sg+?	inf

mikin Pron Qnt Ess Sg	mikin Pron Qnt Ess Sg+?	inf

mikin Pron Qnt Ill Sg	mikin Pron Qnt Ill Sg+?	inf

mikin Pron Qnt Nom Pl	mikin Pron Qnt Nom Pl+?	inf

mikin Pron Qnt Ine Pl	mikin Pron Qnt Ine Pl+?	inf

mikin Pron Qnt Ela Pl	mikin Pron Qnt Ela Pl+?	inf

mikin Pron Qnt Ade Pl	mikin Pron Qnt Ade Pl+?	inf

mikin Pron Qnt Abl Pl	mikin Pron Qnt Abl Pl+?	inf

mikin Pron Qnt All Pl	mikin Pron Qnt All Pl+?	inf

mikin Pron Qnt Tra Pl	mikin Pron Qnt Tra Pl+?	inf

mikin Pron Qnt Abe Pl	mikin Pron Qnt Abe Pl+?	inf

mikin Pron Qnt Ins Pl	mikin Pron Qnt Ins Pl+?	inf

mikin Pron Qnt Ess Pl	mikin Pron Qnt Ess Pl+?	inf

mikin Pron Qnt Par Pl	mikin Pron Qnt Par Pl+?	inf

mikin Pron Qnt Par Pl	mikin Pron Qnt Par Pl+?	inf

mikin Pron Qnt Par Pl	mikin Pron Qnt Par Pl+?	inf

mikin Pron Qnt Ill Pl	mikin Pron Qnt Ill Pl+?	inf

mikin Pron Qnt Ill Pl	mikin Pron Qnt Ill Pl+?	inf

mikin Pron Qnt Ill Pl	mikin Pron Qnt Ill Pl+?	inf

mikin Pron Qnt Gen Pl	mikin Pron Qnt Gen Pl+?	inf

mikin Pron Qnt Gen Pl	mikin Pron Qnt Gen Pl+?	inf

mikin Pron Qnt Gen Pl	mikin Pron Qnt Gen Pl+?	inf

mikin Pron Qnt Gen Pl	mikin Pron Qnt Gen Pl+?	inf

mikin Pron Qnt Gen Pl	mikin Pron Qnt Gen Pl+?	inf

mikin Pron Qnt Gen Pl	mikin Pron Qnt Gen Pl+?	inf

mik‰‰n Pron Qnt Nom Sg	mik‰‰n	312,000000

mik‰‰n Pron Qnt Par Sg	mit‰‰n	312,000000

mik‰‰n Pron Qnt Gen Sg	mink‰‰n	312,000000

mik‰‰n Pron Qnt Ine Sg	mik‰‰n Pron Qnt Ine Sg+?	inf

mik‰‰n Pron Qnt Ela Sg	mik‰‰n Pron Qnt Ela Sg+?	inf

mik‰‰n Pron Qnt Ade Sg	mik‰‰n Pron Qnt Ade Sg+?	inf

mik‰‰n Pron Qnt Abl Sg	mik‰‰n Pron Qnt Abl Sg+?	inf

mik‰‰n Pron Qnt All Sg	mik‰‰n Pron Qnt All Sg+?	inf

mik‰‰n Pron Qnt Tra Sg	mik‰‰n Pron Qnt Tra Sg+?	inf

mik‰‰n Pron Qnt Abe Sg	mik‰‰n Pron Qnt Abe Sg+?	inf

mik‰‰n Pron Qnt Ess Sg	mik‰‰n Pron Qnt Ess Sg+?	inf

mik‰‰n Pron Qnt Ill Sg	mik‰‰n Pron Qnt Ill Sg+?	inf

mik‰‰n Pron Qnt Nom Pl	mitk‰‰n	312,000000

mik‰‰n Pron Qnt Ine Pl	mik‰‰n Pron Qnt Ine Pl+?	inf

mik‰‰n Pron Qnt Ela Pl	mik‰‰n Pron Qnt Ela Pl+?	inf

mik‰‰n Pron Qnt Ade Pl	mik‰‰n Pron Qnt Ade Pl+?	inf

mik‰‰n Pron Qnt Abl Pl	mik‰‰n Pron Qnt Abl Pl+?	inf

mik‰‰n Pron Qnt All Pl	mik‰‰n Pron Qnt All Pl+?	inf

mik‰‰n Pron Qnt Tra Pl	mik‰‰n Pron Qnt Tra Pl+?	inf

mik‰‰n Pron Qnt Abe Pl	mik‰‰n Pron Qnt Abe Pl+?	inf

mik‰‰n Pron Qnt Ins Pl	mik‰‰n Pron Qnt Ins Pl+?	inf

mik‰‰n Pron Qnt Ess Pl	mik‰‰n Pron Qnt Ess Pl+?	inf

mik‰‰n Pron Qnt Par Pl	mik‰‰n Pron Qnt Par Pl+?	inf

mik‰‰n Pron Qnt Par Pl	mik‰‰n Pron Qnt Par Pl+?	inf

mik‰‰n Pron Qnt Par Pl	mik‰‰n Pron Qnt Par Pl+?	inf

mik‰‰n Pron Qnt Ill Pl	mik‰‰n Pron Qnt Ill Pl+?	inf

mik‰‰n Pron Qnt Ill Pl	mik‰‰n Pron Qnt Ill Pl+?	inf

mik‰‰n Pron Qnt Ill Pl	mik‰‰n Pron Qnt Ill Pl+?	inf

mik‰‰n Pron Qnt Gen Pl	mik‰‰n Pron Qnt Gen Pl+?	inf

mik‰‰n Pron Qnt Gen Pl	mik‰‰n Pron Qnt Gen Pl+?	inf

mik‰‰n Pron Qnt Gen Pl	mik‰‰n Pron Qnt Gen Pl+?	inf

mik‰‰n Pron Qnt Gen Pl	mik‰‰n Pron Qnt Gen Pl+?	inf

mik‰‰n Pron Qnt Gen Pl	mik‰‰n Pron Qnt Gen Pl+?	inf

mik‰‰n Pron Qnt Gen Pl	mik‰‰n Pron Qnt Gen Pl+?	inf

er‰s Pron Qnt Nom Sg	er‰s Pron Qnt Nom Sg+?	inf

er‰s Pron Qnt Par Sg	er‰s Pron Qnt Par Sg+?	inf

er‰s Pron Qnt Gen Sg	er‰s Pron Qnt Gen Sg+?	inf

er‰s Pron Qnt Ine Sg	er‰s Pron Qnt Ine Sg+?	inf

er‰s Pron Qnt Ela Sg	er‰s Pron Qnt Ela Sg+?	inf

er‰s Pron Qnt Ade Sg	er‰s Pron Qnt Ade Sg+?	inf

er‰s Pron Qnt Abl Sg	er‰s Pron Qnt Abl Sg+?	inf

er‰s Pron Qnt All Sg	er‰s Pron Qnt All Sg+?	inf

er‰s Pron Qnt Tra Sg	er‰s Pron Qnt Tra Sg+?	inf

er‰s Pron Qnt Abe Sg	er‰s Pron Qnt Abe Sg+?	inf

er‰s Pron Qnt Ess Sg	er‰s Pron Qnt Ess Sg+?	inf

er‰s Pron Qnt Ill Sg	er‰s Pron Qnt Ill Sg+?	inf

er‰s Pron Qnt Nom Pl	er‰s Pron Qnt Nom Pl+?	inf

er‰s Pron Qnt Ine Pl	er‰s Pron Qnt Ine Pl+?	inf

er‰s Pron Qnt Ela Pl	er‰s Pron Qnt Ela Pl+?	inf

er‰s Pron Qnt Ade Pl	er‰s Pron Qnt Ade Pl+?	inf

er‰s Pron Qnt Abl Pl	er‰s Pron Qnt Abl Pl+?	inf

er‰s Pron Qnt All Pl	er‰s Pron Qnt All Pl+?	inf

er‰s Pron Qnt Tra Pl	er‰s Pron Qnt Tra Pl+?	inf

er‰s Pron Qnt Abe Pl	er‰s Pron Qnt Abe Pl+?	inf

er‰s Pron Qnt Ins Pl	er‰s Pron Qnt Ins Pl+?	inf

er‰s Pron Qnt Ess Pl	er‰s Pron Qnt Ess Pl+?	inf

er‰s Pron Qnt Par Pl	er‰s Pron Qnt Par Pl+?	inf

er‰s Pron Qnt Par Pl	er‰s Pron Qnt Par Pl+?	inf

er‰s Pron Qnt Par Pl	er‰s Pron Qnt Par Pl+?	inf

er‰s Pron Qnt Ill Pl	er‰s Pron Qnt Ill Pl+?	inf

er‰s Pron Qnt Ill Pl	er‰s Pron Qnt Ill Pl+?	inf

er‰s Pron Qnt Ill Pl	er‰s Pron Qnt Ill Pl+?	inf

er‰s Pron Qnt Gen Pl	er‰s Pron Qnt Gen Pl+?	inf

er‰s Pron Qnt Gen Pl	er‰s Pron Qnt Gen Pl+?	inf

er‰s Pron Qnt Gen Pl	er‰s Pron Qnt Gen Pl+?	inf

er‰s Pron Qnt Gen Pl	er‰s Pron Qnt Gen Pl+?	inf

er‰s Pron Qnt Gen Pl	er‰s Pron Qnt Gen Pl+?	inf

er‰s Pron Qnt Gen Pl	er‰s Pron Qnt Gen Pl+?	inf

joku Pron Qnt Nom Sg	joku Pron Qnt Nom Sg+?	inf

joku Pron Qnt Par Sg	joku Pron Qnt Par Sg+?	inf

joku Pron Qnt Gen Sg	joku Pron Qnt Gen Sg+?	inf

joku Pron Qnt Ine Sg	joku Pron Qnt Ine Sg+?	inf

joku Pron Qnt Ela Sg	joku Pron Qnt Ela Sg+?	inf

joku Pron Qnt Ade Sg	joku Pron Qnt Ade Sg+?	inf

joku Pron Qnt Abl Sg	joku Pron Qnt Abl Sg+?	inf

joku Pron Qnt All Sg	joku Pron Qnt All Sg+?	inf

joku Pron Qnt Tra Sg	joku Pron Qnt Tra Sg+?	inf

joku Pron Qnt Abe Sg	joku Pron Qnt Abe Sg+?	inf

joku Pron Qnt Ess Sg	joku Pron Qnt Ess Sg+?	inf

joku Pron Qnt Ill Sg	joku Pron Qnt Ill Sg+?	inf

joku Pron Qnt Nom Pl	joku Pron Qnt Nom Pl+?	inf

joku Pron Qnt Ine Pl	joku Pron Qnt Ine Pl+?	inf

joku Pron Qnt Ela Pl	joku Pron Qnt Ela Pl+?	inf

joku Pron Qnt Ade Pl	joku Pron Qnt Ade Pl+?	inf

joku Pron Qnt Abl Pl	joku Pron Qnt Abl Pl+?	inf

joku Pron Qnt All Pl	joku Pron Qnt All Pl+?	inf

joku Pron Qnt Tra Pl	joku Pron Qnt Tra Pl+?	inf

joku Pron Qnt Abe Pl	joku Pron Qnt Abe Pl+?	inf

joku Pron Qnt Ins Pl	joku Pron Qnt Ins Pl+?	inf

joku Pron Qnt Ess Pl	joku Pron Qnt Ess Pl+?	inf

joku Pron Qnt Par Pl	joku Pron Qnt Par Pl+?	inf

joku Pron Qnt Par Pl	joku Pron Qnt Par Pl+?	inf

joku Pron Qnt Par Pl	joku Pron Qnt Par Pl+?	inf

joku Pron Qnt Ill Pl	joku Pron Qnt Ill Pl+?	inf

joku Pron Qnt Ill Pl	joku Pron Qnt Ill Pl+?	inf

joku Pron Qnt Ill Pl	joku Pron Qnt Ill Pl+?	inf

joku Pron Qnt Gen Pl	joku Pron Qnt Gen Pl+?	inf

joku Pron Qnt Gen Pl	joku Pron Qnt Gen Pl+?	inf

joku Pron Qnt Gen Pl	joku Pron Qnt Gen Pl+?	inf

joku Pron Qnt Gen Pl	joku Pron Qnt Gen Pl+?	inf

joku Pron Qnt Gen Pl	joku Pron Qnt Gen Pl+?	inf

joku Pron Qnt Gen Pl	joku Pron Qnt Gen Pl+?	inf

jokin Pron Qnt Nom Sg	jokin Pron Qnt Nom Sg+?	inf

jokin Pron Qnt Par Sg	jokin Pron Qnt Par Sg+?	inf

jokin Pron Qnt Gen Sg	jokin Pron Qnt Gen Sg+?	inf

jokin Pron Qnt Ine Sg	jokin Pron Qnt Ine Sg+?	inf

jokin Pron Qnt Ela Sg	jokin Pron Qnt Ela Sg+?	inf

jokin Pron Qnt Ade Sg	jokin Pron Qnt Ade Sg+?	inf

jokin Pron Qnt Abl Sg	jokin Pron Qnt Abl Sg+?	inf

jokin Pron Qnt All Sg	jokin Pron Qnt All Sg+?	inf

jokin Pron Qnt Tra Sg	jokin Pron Qnt Tra Sg+?	inf

jokin Pron Qnt Abe Sg	jokin Pron Qnt Abe Sg+?	inf

jokin Pron Qnt Ess Sg	jokin Pron Qnt Ess Sg+?	inf

jokin Pron Qnt Ill Sg	jokin Pron Qnt Ill Sg+?	inf

jokin Pron Qnt Nom Pl	jokin Pron Qnt Nom Pl+?	inf

jokin Pron Qnt Ine Pl	jokin Pron Qnt Ine Pl+?	inf

jokin Pron Qnt Ela Pl	jokin Pron Qnt Ela Pl+?	inf

jokin Pron Qnt Ade Pl	jokin Pron Qnt Ade Pl+?	inf

jokin Pron Qnt Abl Pl	jokin Pron Qnt Abl Pl+?	inf

jokin Pron Qnt All Pl	jokin Pron Qnt All Pl+?	inf

jokin Pron Qnt Tra Pl	jokin Pron Qnt Tra Pl+?	inf

jokin Pron Qnt Abe Pl	jokin Pron Qnt Abe Pl+?	inf

jokin Pron Qnt Ins Pl	jokin Pron Qnt Ins Pl+?	inf

jokin Pron Qnt Ess Pl	jokin Pron Qnt Ess Pl+?	inf

jokin Pron Qnt Par Pl	jokin Pron Qnt Par Pl+?	inf

jokin Pron Qnt Par Pl	jokin Pron Qnt Par Pl+?	inf

jokin Pron Qnt Par Pl	jokin Pron Qnt Par Pl+?	inf

jokin Pron Qnt Ill Pl	jokin Pron Qnt Ill Pl+?	inf

jokin Pron Qnt Ill Pl	jokin Pron Qnt Ill Pl+?	inf

jokin Pron Qnt Ill Pl	jokin Pron Qnt Ill Pl+?	inf

jokin Pron Qnt Gen Pl	jokin Pron Qnt Gen Pl+?	inf

jokin Pron Qnt Gen Pl	jokin Pron Qnt Gen Pl+?	inf

jokin Pron Qnt Gen Pl	jokin Pron Qnt Gen Pl+?	inf

jokin Pron Qnt Gen Pl	jokin Pron Qnt Gen Pl+?	inf

jokin Pron Qnt Gen Pl	jokin Pron Qnt Gen Pl+?	inf

jokin Pron Qnt Gen Pl	jokin Pron Qnt Gen Pl+?	inf

moni Pron Qnt Nom Sg	moni	312,000000

moni Pron Qnt Par Sg	monea	312,000000

moni Pron Qnt Gen Sg	moni Pron Qnt Gen Sg+?	inf

moni Pron Qnt Ine Sg	monessa	312,000000

moni Pron Qnt Ela Sg	monesta	312,000000

moni Pron Qnt Ade Sg	monella	312,000000

moni Pron Qnt Abl Sg	monelta	312,000000

moni Pron Qnt All Sg	monelle	312,000000

moni Pron Qnt Tra Sg	moneksi	312,000000

moni Pron Qnt Abe Sg	monetta	312,000000

moni Pron Qnt Ess Sg	monena	312,000000

moni Pron Qnt Ill Sg	moneen	312,000000

moni Pron Qnt Nom Pl	monet	312,000000

moni Pron Qnt Ine Pl	monissa	312,000000

moni Pron Qnt Ela Pl	monista	312,000000

moni Pron Qnt Ade Pl	monilla	312,000000

moni Pron Qnt Abl Pl	monilta	312,000000

moni Pron Qnt All Pl	monille	312,000000

moni Pron Qnt Tra Pl	moniksi	312,000000

moni Pron Qnt Abe Pl	monitta	312,000000

moni Pron Qnt Ins Pl	monin	312,000000

moni Pron Qnt Ess Pl	monina	312,000000

moni Pron Qnt Par Pl	monia	312,000000

moni Pron Qnt Par Pl	monia	312,000000

moni Pron Qnt Par Pl	monia	312,000000

moni Pron Qnt Ill Pl	moniin	312,000000

moni Pron Qnt Ill Pl	moniin	312,000000

moni Pron Qnt Ill Pl	moniin	312,000000

moni Pron Qnt Gen Pl	monien	312,000000

moni Pron Qnt Gen Pl	monien	312,000000

moni Pron Qnt Gen Pl	monien	312,000000

moni Pron Qnt Gen Pl	monien	312,000000

moni Pron Qnt Gen Pl	monien	312,000000

moni Pron Qnt Gen Pl	monien	312,000000

mones Pron Qnt Nom Sg	mones Pron Qnt Nom Sg+?	inf

mones Pron Qnt Par Sg	mones Pron Qnt Par Sg+?	inf

mones Pron Qnt Gen Sg	mones Pron Qnt Gen Sg+?	inf

mones Pron Qnt Ine Sg	mones Pron Qnt Ine Sg+?	inf

mones Pron Qnt Ela Sg	mones Pron Qnt Ela Sg+?	inf

mones Pron Qnt Ade Sg	mones Pron Qnt Ade Sg+?	inf

mones Pron Qnt Abl Sg	mones Pron Qnt Abl Sg+?	inf

mones Pron Qnt All Sg	mones Pron Qnt All Sg+?	inf

mones Pron Qnt Tra Sg	mones Pron Qnt Tra Sg+?	inf

mones Pron Qnt Abe Sg	mones Pron Qnt Abe Sg+?	inf

mones Pron Qnt Ess Sg	mones Pron Qnt Ess Sg+?	inf

mones Pron Qnt Ill Sg	mones Pron Qnt Ill Sg+?	inf

mones Pron Qnt Nom Pl	mones Pron Qnt Nom Pl+?	inf

mones Pron Qnt Ine Pl	mones Pron Qnt Ine Pl+?	inf

mones Pron Qnt Ela Pl	mones Pron Qnt Ela Pl+?	inf

mones Pron Qnt Ade Pl	mones Pron Qnt Ade Pl+?	inf

mones Pron Qnt Abl Pl	mones Pron Qnt Abl Pl+?	inf

mones Pron Qnt All Pl	mones Pron Qnt All Pl+?	inf

mones Pron Qnt Tra Pl	mones Pron Qnt Tra Pl+?	inf

mones Pron Qnt Abe Pl	mones Pron Qnt Abe Pl+?	inf

mones Pron Qnt Ins Pl	mones Pron Qnt Ins Pl+?	inf

mones Pron Qnt Ess Pl	mones Pron Qnt Ess Pl+?	inf

mones Pron Qnt Par Pl	mones Pron Qnt Par Pl+?	inf

mones Pron Qnt Par Pl	mones Pron Qnt Par Pl+?	inf

mones Pron Qnt Par Pl	mones Pron Qnt Par Pl+?	inf

mones Pron Qnt Ill Pl	mones Pron Qnt Ill Pl+?	inf

mones Pron Qnt Ill Pl	mones Pron Qnt Ill Pl+?	inf

mones Pron Qnt Ill Pl	mones Pron Qnt Ill Pl+?	inf

mones Pron Qnt Gen Pl	mones Pron Qnt Gen Pl+?	inf

mones Pron Qnt Gen Pl	mones Pron Qnt Gen Pl+?	inf

mones Pron Qnt Gen Pl	mones Pron Qnt Gen Pl+?	inf

mones Pron Qnt Gen Pl	mones Pron Qnt Gen Pl+?	inf

mones Pron Qnt Gen Pl	mones Pron Qnt Gen Pl+?	inf

mones Pron Qnt Gen Pl	mones Pron Qnt Gen Pl+?	inf

molemmat Pron Qnt Nom Sg	molemmat Pron Qnt Nom Sg+?	inf

molemmat Pron Qnt Par Sg	molemmat Pron Qnt Par Sg+?	inf

molemmat Pron Qnt Gen Sg	molemmat Pron Qnt Gen Sg+?	inf

molemmat Pron Qnt Ine Sg	molemmat Pron Qnt Ine Sg+?	inf

molemmat Pron Qnt Ela Sg	molemmat Pron Qnt Ela Sg+?	inf

molemmat Pron Qnt Ade Sg	molemmat Pron Qnt Ade Sg+?	inf

molemmat Pron Qnt Abl Sg	molemmat Pron Qnt Abl Sg+?	inf

molemmat Pron Qnt All Sg	molemmat Pron Qnt All Sg+?	inf

molemmat Pron Qnt Tra Sg	molemmat Pron Qnt Tra Sg+?	inf

molemmat Pron Qnt Abe Sg	molemmat Pron Qnt Abe Sg+?	inf

molemmat Pron Qnt Ess Sg	molemmat Pron Qnt Ess Sg+?	inf

molemmat Pron Qnt Ill Sg	molemmat Pron Qnt Ill Sg+?	inf

molemmat Pron Qnt Nom Pl	molemmat Pron Qnt Nom Pl+?	inf

molemmat Pron Qnt Ine Pl	molemmat Pron Qnt Ine Pl+?	inf

molemmat Pron Qnt Ela Pl	molemmat Pron Qnt Ela Pl+?	inf

molemmat Pron Qnt Ade Pl	molemmat Pron Qnt Ade Pl+?	inf

molemmat Pron Qnt Abl Pl	molemmat Pron Qnt Abl Pl+?	inf

molemmat Pron Qnt All Pl	molemmat Pron Qnt All Pl+?	inf

molemmat Pron Qnt Tra Pl	molemmat Pron Qnt Tra Pl+?	inf

molemmat Pron Qnt Abe Pl	molemmat Pron Qnt Abe Pl+?	inf

molemmat Pron Qnt Ins Pl	molemmat Pron Qnt Ins Pl+?	inf

molemmat Pron Qnt Ess Pl	molemmat Pron Qnt Ess Pl+?	inf

molemmat Pron Qnt Par Pl	molemmat Pron Qnt Par Pl+?	inf

molemmat Pron Qnt Par Pl	molemmat Pron Qnt Par Pl+?	inf

molemmat Pron Qnt Par Pl	molemmat Pron Qnt Par Pl+?	inf

molemmat Pron Qnt Ill Pl	molemmat Pron Qnt Ill Pl+?	inf

molemmat Pron Qnt Ill Pl	molemmat Pron Qnt Ill Pl+?	inf

molemmat Pron Qnt Ill Pl	molemmat Pron Qnt Ill Pl+?	inf

molemmat Pron Qnt Gen Pl	molemmat Pron Qnt Gen Pl+?	inf

molemmat Pron Qnt Gen Pl	molemmat Pron Qnt Gen Pl+?	inf

molemmat Pron Qnt Gen Pl	molemmat Pron Qnt Gen Pl+?	inf

molemmat Pron Qnt Gen Pl	molemmat Pron Qnt Gen Pl+?	inf

molemmat Pron Qnt Gen Pl	molemmat Pron Qnt Gen Pl+?	inf

molemmat Pron Qnt Gen Pl	molemmat Pron Qnt Gen Pl+?	inf

usea Pron Qnt Nom Sg	usea	312,000000

usea Pron Qnt Par Sg	useaa	312,000000

usea Pron Qnt Gen Sg	usea Pron Qnt Gen Sg+?	inf

usea Pron Qnt Ine Sg	useassa	312,000000

usea Pron Qnt Ela Sg	useasta	312,000000

usea Pron Qnt Ade Sg	usealla	312,000000

usea Pron Qnt Abl Sg	usealta	312,000000

usea Pron Qnt All Sg	usealle	312,000000

usea Pron Qnt Tra Sg	useaksi	312,000000

usea Pron Qnt Abe Sg	useatta	312,000000

usea Pron Qnt Ess Sg	useana	312,000000

usea Pron Qnt Ill Sg	useaan	312,000000

usea Pron Qnt Nom Pl	useat	312,000000

usea Pron Qnt Ine Pl	useissa	312,000000

usea Pron Qnt Ela Pl	useista	312,000000

usea Pron Qnt Ade Pl	useilla	312,000000

usea Pron Qnt Abl Pl	useilta	312,000000

usea Pron Qnt All Pl	useille	312,000000

usea Pron Qnt Tra Pl	useiksi	312,000000

usea Pron Qnt Abe Pl	useitta	312,000000

usea Pron Qnt Ins Pl	usein	312,000000

usea Pron Qnt Ess Pl	useina	312,000000

usea Pron Qnt Par Pl	useita	312,000000

usea Pron Qnt Par Pl	useita	312,000000

usea Pron Qnt Par Pl	useita	312,000000

usea Pron Qnt Ill Pl	useihin	312,000000
usea Pron Qnt Ill Pl	useisiin	312,000000

usea Pron Qnt Ill Pl	useihin	312,000000
usea Pron Qnt Ill Pl	useisiin	312,000000

usea Pron Qnt Ill Pl	useihin	312,000000
usea Pron Qnt Ill Pl	useisiin	312,000000

usea Pron Qnt Gen Pl	useiden	312,000000
usea Pron Qnt Gen Pl	useitten	312,000000
usea Pron Qnt Gen Pl	useain	312,000000

usea Pron Qnt Gen Pl	useiden	312,000000
usea Pron Qnt Gen Pl	useitten	312,000000
usea Pron Qnt Gen Pl	useain	312,000000

usea Pron Qnt Gen Pl	useiden	312,000000
usea Pron Qnt Gen Pl	useitten	312,000000
usea Pron Qnt Gen Pl	useain	312,000000

usea Pron Qnt Gen Pl	useiden	312,000000
usea Pron Qnt Gen Pl	useitten	312,000000
usea Pron Qnt Gen Pl	useain	312,000000

usea Pron Qnt Gen Pl	useiden	312,000000
usea Pron Qnt Gen Pl	useitten	312,000000
usea Pron Qnt Gen Pl	useain	312,000000

usea Pron Qnt Gen Pl	useiden	312,000000
usea Pron Qnt Gen Pl	useitten	312,000000
usea Pron Qnt Gen Pl	useain	312,000000

jokainen Pron Qnt Nom Sg	jokainen	312,000000

jokainen Pron Qnt Par Sg	jokaista	312,000000

jokainen Pron Qnt Gen Sg	jokaisen	312,000000

jokainen Pron Qnt Ine Sg	jokaisessa	312,000000

jokainen Pron Qnt Ela Sg	jokaisesta	312,000000

jokainen Pron Qnt Ade Sg	jokaisella	312,000000

jokainen Pron Qnt Abl Sg	jokaiselta	312,000000

jokainen Pron Qnt All Sg	jokaiselle	312,000000

jokainen Pron Qnt Tra Sg	jokaiseksi	312,000000

jokainen Pron Qnt Abe Sg	jokaisetta	312,000000

jokainen Pron Qnt Ess Sg	jokaisena	312,000000

jokainen Pron Qnt Ill Sg	jokaiseen	312,000000

jokainen Pron Qnt Nom Pl	jokaiset	312,000000

jokainen Pron Qnt Ine Pl	jokaisissa	312,000000

jokainen Pron Qnt Ela Pl	jokaisista	312,000000

jokainen Pron Qnt Ade Pl	jokaisilla	312,000000

jokainen Pron Qnt Abl Pl	jokaisilta	312,000000

jokainen Pron Qnt All Pl	jokaisille	312,000000

jokainen Pron Qnt Tra Pl	jokaisiksi	312,000000

jokainen Pron Qnt Abe Pl	jokaisitta	312,000000

jokainen Pron Qnt Ins Pl	jokaisin	312,000000

jokainen Pron Qnt Ess Pl	jokaisina	312,000000

jokainen Pron Qnt Par Pl	jokaisia	312,000000

jokainen Pron Qnt Par Pl	jokaisia	312,000000

jokainen Pron Qnt Par Pl	jokaisia	312,000000

jokainen Pron Qnt Ill Pl	jokaisiin	312,000000

jokainen Pron Qnt Ill Pl	jokaisiin	312,000000

jokainen Pron Qnt Ill Pl	jokaisiin	312,000000

jokainen Pron Qnt Gen Pl	jokaisien	312,000000
jokainen Pron Qnt Gen Pl	jokaisten	312,000000

jokainen Pron Qnt Gen Pl	jokaisien	312,000000
jokainen Pron Qnt Gen Pl	jokaisten	312,000000

jokainen Pron Qnt Gen Pl	jokaisien	312,000000
jokainen Pron Qnt Gen Pl	jokaisten	312,000000

jokainen Pron Qnt Gen Pl	jokaisien	312,000000
jokainen Pron Qnt Gen Pl	jokaisten	312,000000

jokainen Pron Qnt Gen Pl	jokaisien	312,000000
jokainen Pron Qnt Gen Pl	jokaisten	312,000000

jokainen Pron Qnt Gen Pl	jokaisien	312,000000
jokainen Pron Qnt Gen Pl	jokaisten	312,000000

toinen Pron Qnt Nom Sg	toinen Pron Qnt Nom Sg+?	inf

toinen Pron Qnt Par Sg	toinen Pron Qnt Par Sg+?	inf

toinen Pron Qnt Gen Sg	toinen Pron Qnt Gen Sg+?	inf

toinen Pron Qnt Ine Sg	toinen Pron Qnt Ine Sg+?	inf

toinen Pron Qnt Ela Sg	toinen Pron Qnt Ela Sg+?	inf

toinen Pron Qnt Ade Sg	toinen Pron Qnt Ade Sg+?	inf

toinen Pron Qnt Abl Sg	toinen Pron Qnt Abl Sg+?	inf

toinen Pron Qnt All Sg	toinen Pron Qnt All Sg+?	inf

toinen Pron Qnt Tra Sg	toinen Pron Qnt Tra Sg+?	inf

toinen Pron Qnt Abe Sg	toinen Pron Qnt Abe Sg+?	inf

toinen Pron Qnt Ess Sg	toinen Pron Qnt Ess Sg+?	inf

toinen Pron Qnt Ill Sg	toinen Pron Qnt Ill Sg+?	inf

toinen Pron Qnt Nom Pl	toinen Pron Qnt Nom Pl+?	inf

toinen Pron Qnt Ine Pl	toinen Pron Qnt Ine Pl+?	inf

toinen Pron Qnt Ela Pl	toinen Pron Qnt Ela Pl+?	inf

toinen Pron Qnt Ade Pl	toinen Pron Qnt Ade Pl+?	inf

toinen Pron Qnt Abl Pl	toinen Pron Qnt Abl Pl+?	inf

toinen Pron Qnt All Pl	toinen Pron Qnt All Pl+?	inf

toinen Pron Qnt Tra Pl	toinen Pron Qnt Tra Pl+?	inf

toinen Pron Qnt Abe Pl	toinen Pron Qnt Abe Pl+?	inf

toinen Pron Qnt Ins Pl	toinen Pron Qnt Ins Pl+?	inf

toinen Pron Qnt Ess Pl	toinen Pron Qnt Ess Pl+?	inf

toinen Pron Qnt Par Pl	toinen Pron Qnt Par Pl+?	inf

toinen Pron Qnt Par Pl	toinen Pron Qnt Par Pl+?	inf

toinen Pron Qnt Par Pl	toinen Pron Qnt Par Pl+?	inf

toinen Pron Qnt Ill Pl	toinen Pron Qnt Ill Pl+?	inf

toinen Pron Qnt Ill Pl	toinen Pron Qnt Ill Pl+?	inf

toinen Pron Qnt Ill Pl	toinen Pron Qnt Ill Pl+?	inf

toinen Pron Qnt Gen Pl	toinen Pron Qnt Gen Pl+?	inf

toinen Pron Qnt Gen Pl	toinen Pron Qnt Gen Pl+?	inf

toinen Pron Qnt Gen Pl	toinen Pron Qnt Gen Pl+?	inf

toinen Pron Qnt Gen Pl	toinen Pron Qnt Gen Pl+?	inf

toinen Pron Qnt Gen Pl	toinen Pron Qnt Gen Pl+?	inf

toinen Pron Qnt Gen Pl	toinen Pron Qnt Gen Pl+?	inf

muutama Pron Qnt Nom Sg	muutama	312,000000

muutama Pron Qnt Par Sg	muutamaa	312,000000

muutama Pron Qnt Gen Sg	muutama Pron Qnt Gen Sg+?	inf

muutama Pron Qnt Ine Sg	muutamassa	312,000000

muutama Pron Qnt Ela Sg	muutamasta	312,000000

muutama Pron Qnt Ade Sg	muutamalla	312,000000

muutama Pron Qnt Abl Sg	muutamalta	312,000000

muutama Pron Qnt All Sg	muutamalle	312,000000

muutama Pron Qnt Tra Sg	muutamaksi	312,000000

muutama Pron Qnt Abe Sg	muutamatta	312,000000

muutama Pron Qnt Ess Sg	muutamana	312,000000

muutama Pron Qnt Ill Sg	muutama Pron Qnt Ill Sg+?	inf

muutama Pron Qnt Nom Pl	muutamat	312,000000

muutama Pron Qnt Ine Pl	muutamissa	312,000000

muutama Pron Qnt Ela Pl	muutamista	312,000000

muutama Pron Qnt Ade Pl	muutamilla	312,000000

muutama Pron Qnt Abl Pl	muutamilta	312,000000

muutama Pron Qnt All Pl	muutamille	312,000000

muutama Pron Qnt Tra Pl	muutamiksi	312,000000

muutama Pron Qnt Abe Pl	muutamitta	312,000000

muutama Pron Qnt Ins Pl	muutamin	312,000000

muutama Pron Qnt Ess Pl	muutamina	312,000000

muutama Pron Qnt Par Pl	muutamia	312,000000

muutama Pron Qnt Par Pl	muutamia	312,000000

muutama Pron Qnt Par Pl	muutamia	312,000000

muutama Pron Qnt Ill Pl	muutamiin	312,000000

muutama Pron Qnt Ill Pl	muutamiin	312,000000

muutama Pron Qnt Ill Pl	muutamiin	312,000000

muutama Pron Qnt Gen Pl	muutamien	312,000000

muutama Pron Qnt Gen Pl	muutamien	312,000000

muutama Pron Qnt Gen Pl	muutamien	312,000000

muutama Pron Qnt Gen Pl	muutamien	312,000000

muutama Pron Qnt Gen Pl	muutamien	312,000000

muutama Pron Qnt Gen Pl	muutamien	312,000000

sama Pron Qnt Nom Sg	sama	312,000000

sama Pron Qnt Par Sg	samaa	312,000000

sama Pron Qnt Gen Sg	sama Pron Qnt Gen Sg+?	inf

sama Pron Qnt Ine Sg	samassa	312,000000

sama Pron Qnt Ela Sg	samasta	312,000000

sama Pron Qnt Ade Sg	samalla	312,000000

sama Pron Qnt Abl Sg	samalta	312,000000

sama Pron Qnt All Sg	samalle	312,000000

sama Pron Qnt Tra Sg	samaksi	312,000000

sama Pron Qnt Abe Sg	samatta	312,000000

sama Pron Qnt Ess Sg	samana	312,000000

sama Pron Qnt Ill Sg	sama Pron Qnt Ill Sg+?	inf

sama Pron Qnt Nom Pl	samat	312,000000

sama Pron Qnt Ine Pl	samoissa	312,000000

sama Pron Qnt Ela Pl	samoista	312,000000

sama Pron Qnt Ade Pl	samoilla	312,000000

sama Pron Qnt Abl Pl	samoilta	312,000000

sama Pron Qnt All Pl	samoille	312,000000

sama Pron Qnt Tra Pl	samoiksi	312,000000

sama Pron Qnt Abe Pl	samoitta	312,000000

sama Pron Qnt Ins Pl	samoin	312,000000

sama Pron Qnt Ess Pl	samoina	312,000000

sama Pron Qnt Par Pl	samoja	312,000000

sama Pron Qnt Par Pl	samoja	312,000000

sama Pron Qnt Par Pl	samoja	312,000000

sama Pron Qnt Ill Pl	samoihin	312,000000

sama Pron Qnt Ill Pl	samoihin	312,000000

sama Pron Qnt Ill Pl	samoihin	312,000000

sama Pron Qnt Gen Pl	samojen	312,000000

sama Pron Qnt Gen Pl	samojen	312,000000

sama Pron Qnt Gen Pl	samojen	312,000000

sama Pron Qnt Gen Pl	samojen	312,000000

sama Pron Qnt Gen Pl	samojen	312,000000

sama Pron Qnt Gen Pl	samojen	312,000000

yksi Pron Qnt Nom Sg	yksi Pron Qnt Nom Sg+?	inf

yksi Pron Qnt Par Sg	yksi Pron Qnt Par Sg+?	inf

yksi Pron Qnt Gen Sg	yksi Pron Qnt Gen Sg+?	inf

yksi Pron Qnt Ine Sg	yksi Pron Qnt Ine Sg+?	inf

yksi Pron Qnt Ela Sg	yksi Pron Qnt Ela Sg+?	inf

yksi Pron Qnt Ade Sg	yksi Pron Qnt Ade Sg+?	inf

yksi Pron Qnt Abl Sg	yksi Pron Qnt Abl Sg+?	inf

yksi Pron Qnt All Sg	yksi Pron Qnt All Sg+?	inf

yksi Pron Qnt Tra Sg	yksi Pron Qnt Tra Sg+?	inf

yksi Pron Qnt Abe Sg	yksi Pron Qnt Abe Sg+?	inf

yksi Pron Qnt Ess Sg	yksi Pron Qnt Ess Sg+?	inf

yksi Pron Qnt Ill Sg	yksi Pron Qnt Ill Sg+?	inf

yksi Pron Qnt Nom Pl	yksi Pron Qnt Nom Pl+?	inf

yksi Pron Qnt Ine Pl	yksi Pron Qnt Ine Pl+?	inf

yksi Pron Qnt Ela Pl	yksi Pron Qnt Ela Pl+?	inf

yksi Pron Qnt Ade Pl	yksi Pron Qnt Ade Pl+?	inf

yksi Pron Qnt Abl Pl	yksi Pron Qnt Abl Pl+?	inf

yksi Pron Qnt All Pl	yksi Pron Qnt All Pl+?	inf

yksi Pron Qnt Tra Pl	yksi Pron Qnt Tra Pl+?	inf

yksi Pron Qnt Abe Pl	yksi Pron Qnt Abe Pl+?	inf

yksi Pron Qnt Ins Pl	yksi Pron Qnt Ins Pl+?	inf

yksi Pron Qnt Ess Pl	yksi Pron Qnt Ess Pl+?	inf

yksi Pron Qnt Par Pl	yksi Pron Qnt Par Pl+?	inf

yksi Pron Qnt Par Pl	yksi Pron Qnt Par Pl+?	inf

yksi Pron Qnt Par Pl	yksi Pron Qnt Par Pl+?	inf

yksi Pron Qnt Ill Pl	yksi Pron Qnt Ill Pl+?	inf

yksi Pron Qnt Ill Pl	yksi Pron Qnt Ill Pl+?	inf

yksi Pron Qnt Ill Pl	yksi Pron Qnt Ill Pl+?	inf

yksi Pron Qnt Gen Pl	yksi Pron Qnt Gen Pl+?	inf

yksi Pron Qnt Gen Pl	yksi Pron Qnt Gen Pl+?	inf

yksi Pron Qnt Gen Pl	yksi Pron Qnt Gen Pl+?	inf

yksi Pron Qnt Gen Pl	yksi Pron Qnt Gen Pl+?	inf

yksi Pron Qnt Gen Pl	yksi Pron Qnt Gen Pl+?	inf

yksi Pron Qnt Gen Pl	yksi Pron Qnt Gen Pl+?	inf

Interr Pron Qnt Nom Sg	Interr Pron Qnt Nom Sg+?	inf

Interr Pron Qnt Par Sg	Interr Pron Qnt Par Sg+?	inf

Interr Pron Qnt Gen Sg	Interr Pron Qnt Gen Sg+?	inf

Interr Pron Qnt Ine Sg	Interr Pron Qnt Ine Sg+?	inf

Interr Pron Qnt Ela Sg	Interr Pron Qnt Ela Sg+?	inf

Interr Pron Qnt Ade Sg	Interr Pron Qnt Ade Sg+?	inf

Interr Pron Qnt Abl Sg	Interr Pron Qnt Abl Sg+?	inf

Interr Pron Qnt All Sg	Interr Pron Qnt All Sg+?	inf

Interr Pron Qnt Tra Sg	Interr Pron Qnt Tra Sg+?	inf

Interr Pron Qnt Abe Sg	Interr Pron Qnt Abe Sg+?	inf

Interr Pron Qnt Ess Sg	Interr Pron Qnt Ess Sg+?	inf

Interr Pron Qnt Ill Sg	Interr Pron Qnt Ill Sg+?	inf

Interr Pron Qnt Nom Pl	Interr Pron Qnt Nom Pl+?	inf

Interr Pron Qnt Ine Pl	Interr Pron Qnt Ine Pl+?	inf

Interr Pron Qnt Ela Pl	Interr Pron Qnt Ela Pl+?	inf

Interr Pron Qnt Ade Pl	Interr Pron Qnt Ade Pl+?	inf

Interr Pron Qnt Abl Pl	Interr Pron Qnt Abl Pl+?	inf

Interr Pron Qnt All Pl	Interr Pron Qnt All Pl+?	inf

Interr Pron Qnt Tra Pl	Interr Pron Qnt Tra Pl+?	inf

Interr Pron Qnt Abe Pl	Interr Pron Qnt Abe Pl+?	inf

Interr Pron Qnt Ins Pl	Interr Pron Qnt Ins Pl+?	inf

Interr Pron Qnt Ess Pl	Interr Pron Qnt Ess Pl+?	inf

Interr Pron Qnt Par Pl	Interr Pron Qnt Par Pl+?	inf

Interr Pron Qnt Par Pl	Interr Pron Qnt Par Pl+?	inf

Interr Pron Qnt Par Pl	Interr Pron Qnt Par Pl+?	inf

Interr Pron Qnt Ill Pl	Interr Pron Qnt Ill Pl+?	inf

Interr Pron Qnt Ill Pl	Interr Pron Qnt Ill Pl+?	inf

Interr Pron Qnt Ill Pl	Interr Pron Qnt Ill Pl+?	inf

Interr Pron Qnt Gen Pl	Interr Pron Qnt Gen Pl+?	inf

Interr Pron Qnt Gen Pl	Interr Pron Qnt Gen Pl+?	inf

Interr Pron Qnt Gen Pl	Interr Pron Qnt Gen Pl+?	inf

Interr Pron Qnt Gen Pl	Interr Pron Qnt Gen Pl+?	inf

Interr Pron Qnt Gen Pl	Interr Pron Qnt Gen Pl+?	inf

Interr Pron Qnt Gen Pl	Interr Pron Qnt Gen Pl+?	inf

kuka Pron Qnt Nom Sg	kuka Pron Qnt Nom Sg+?	inf

kuka Pron Qnt Par Sg	kuka Pron Qnt Par Sg+?	inf

kuka Pron Qnt Gen Sg	kuka Pron Qnt Gen Sg+?	inf

kuka Pron Qnt Ine Sg	kuka Pron Qnt Ine Sg+?	inf

kuka Pron Qnt Ela Sg	kuka Pron Qnt Ela Sg+?	inf

kuka Pron Qnt Ade Sg	kuka Pron Qnt Ade Sg+?	inf

kuka Pron Qnt Abl Sg	kuka Pron Qnt Abl Sg+?	inf

kuka Pron Qnt All Sg	kuka Pron Qnt All Sg+?	inf

kuka Pron Qnt Tra Sg	kuka Pron Qnt Tra Sg+?	inf

kuka Pron Qnt Abe Sg	kuka Pron Qnt Abe Sg+?	inf

kuka Pron Qnt Ess Sg	kuka Pron Qnt Ess Sg+?	inf

kuka Pron Qnt Ill Sg	kuka Pron Qnt Ill Sg+?	inf

kuka Pron Qnt Nom Pl	kuka Pron Qnt Nom Pl+?	inf

kuka Pron Qnt Ine Pl	kuka Pron Qnt Ine Pl+?	inf

kuka Pron Qnt Ela Pl	kuka Pron Qnt Ela Pl+?	inf

kuka Pron Qnt Ade Pl	kuka Pron Qnt Ade Pl+?	inf

kuka Pron Qnt Abl Pl	kuka Pron Qnt Abl Pl+?	inf

kuka Pron Qnt All Pl	kuka Pron Qnt All Pl+?	inf

kuka Pron Qnt Tra Pl	kuka Pron Qnt Tra Pl+?	inf

kuka Pron Qnt Abe Pl	kuka Pron Qnt Abe Pl+?	inf

kuka Pron Qnt Ins Pl	kuka Pron Qnt Ins Pl+?	inf

kuka Pron Qnt Ess Pl	kuka Pron Qnt Ess Pl+?	inf

kuka Pron Qnt Par Pl	kuka Pron Qnt Par Pl+?	inf

kuka Pron Qnt Par Pl	kuka Pron Qnt Par Pl+?	inf

kuka Pron Qnt Par Pl	kuka Pron Qnt Par Pl+?	inf

kuka Pron Qnt Ill Pl	kuka Pron Qnt Ill Pl+?	inf

kuka Pron Qnt Ill Pl	kuka Pron Qnt Ill Pl+?	inf

kuka Pron Qnt Ill Pl	kuka Pron Qnt Ill Pl+?	inf

kuka Pron Qnt Gen Pl	kuka Pron Qnt Gen Pl+?	inf

kuka Pron Qnt Gen Pl	kuka Pron Qnt Gen Pl+?	inf

kuka Pron Qnt Gen Pl	kuka Pron Qnt Gen Pl+?	inf

kuka Pron Qnt Gen Pl	kuka Pron Qnt Gen Pl+?	inf

kuka Pron Qnt Gen Pl	kuka Pron Qnt Gen Pl+?	inf

kuka Pron Qnt Gen Pl	kuka Pron Qnt Gen Pl+?	inf

kumpainen Pron Qnt Nom Sg	kumpainen Pron Qnt Nom Sg+?	inf

kumpainen Pron Qnt Par Sg	kumpainen Pron Qnt Par Sg+?	inf

kumpainen Pron Qnt Gen Sg	kumpainen Pron Qnt Gen Sg+?	inf

kumpainen Pron Qnt Ine Sg	kumpainen Pron Qnt Ine Sg+?	inf

kumpainen Pron Qnt Ela Sg	kumpainen Pron Qnt Ela Sg+?	inf

kumpainen Pron Qnt Ade Sg	kumpainen Pron Qnt Ade Sg+?	inf

kumpainen Pron Qnt Abl Sg	kumpainen Pron Qnt Abl Sg+?	inf

kumpainen Pron Qnt All Sg	kumpainen Pron Qnt All Sg+?	inf

kumpainen Pron Qnt Tra Sg	kumpainen Pron Qnt Tra Sg+?	inf

kumpainen Pron Qnt Abe Sg	kumpainen Pron Qnt Abe Sg+?	inf

kumpainen Pron Qnt Ess Sg	kumpainen Pron Qnt Ess Sg+?	inf

kumpainen Pron Qnt Ill Sg	kumpainen Pron Qnt Ill Sg+?	inf

kumpainen Pron Qnt Nom Pl	kumpainen Pron Qnt Nom Pl+?	inf

kumpainen Pron Qnt Ine Pl	kumpainen Pron Qnt Ine Pl+?	inf

kumpainen Pron Qnt Ela Pl	kumpainen Pron Qnt Ela Pl+?	inf

kumpainen Pron Qnt Ade Pl	kumpainen Pron Qnt Ade Pl+?	inf

kumpainen Pron Qnt Abl Pl	kumpainen Pron Qnt Abl Pl+?	inf

kumpainen Pron Qnt All Pl	kumpainen Pron Qnt All Pl+?	inf

kumpainen Pron Qnt Tra Pl	kumpainen Pron Qnt Tra Pl+?	inf

kumpainen Pron Qnt Abe Pl	kumpainen Pron Qnt Abe Pl+?	inf

kumpainen Pron Qnt Ins Pl	kumpainen Pron Qnt Ins Pl+?	inf

kumpainen Pron Qnt Ess Pl	kumpainen Pron Qnt Ess Pl+?	inf

kumpainen Pron Qnt Par Pl	kumpainen Pron Qnt Par Pl+?	inf

kumpainen Pron Qnt Par Pl	kumpainen Pron Qnt Par Pl+?	inf

kumpainen Pron Qnt Par Pl	kumpainen Pron Qnt Par Pl+?	inf

kumpainen Pron Qnt Ill Pl	kumpainen Pron Qnt Ill Pl+?	inf

kumpainen Pron Qnt Ill Pl	kumpainen Pron Qnt Ill Pl+?	inf

kumpainen Pron Qnt Ill Pl	kumpainen Pron Qnt Ill Pl+?	inf

kumpainen Pron Qnt Gen Pl	kumpainen Pron Qnt Gen Pl+?	inf

kumpainen Pron Qnt Gen Pl	kumpainen Pron Qnt Gen Pl+?	inf

kumpainen Pron Qnt Gen Pl	kumpainen Pron Qnt Gen Pl+?	inf

kumpainen Pron Qnt Gen Pl	kumpainen Pron Qnt Gen Pl+?	inf

kumpainen Pron Qnt Gen Pl	kumpainen Pron Qnt Gen Pl+?	inf

kumpainen Pron Qnt Gen Pl	kumpainen Pron Qnt Gen Pl+?	inf

kumpi Pron Qnt Nom Sg	kumpi Pron Qnt Nom Sg+?	inf

kumpi Pron Qnt Par Sg	kumpi Pron Qnt Par Sg+?	inf

kumpi Pron Qnt Gen Sg	kumpi Pron Qnt Gen Sg+?	inf

kumpi Pron Qnt Ine Sg	kumpi Pron Qnt Ine Sg+?	inf

kumpi Pron Qnt Ela Sg	kumpi Pron Qnt Ela Sg+?	inf

kumpi Pron Qnt Ade Sg	kumpi Pron Qnt Ade Sg+?	inf

kumpi Pron Qnt Abl Sg	kumpi Pron Qnt Abl Sg+?	inf

kumpi Pron Qnt All Sg	kumpi Pron Qnt All Sg+?	inf

kumpi Pron Qnt Tra Sg	kumpi Pron Qnt Tra Sg+?	inf

kumpi Pron Qnt Abe Sg	kumpi Pron Qnt Abe Sg+?	inf

kumpi Pron Qnt Ess Sg	kumpi Pron Qnt Ess Sg+?	inf

kumpi Pron Qnt Ill Sg	kumpi Pron Qnt Ill Sg+?	inf

kumpi Pron Qnt Nom Pl	kumpi Pron Qnt Nom Pl+?	inf

kumpi Pron Qnt Ine Pl	kumpi Pron Qnt Ine Pl+?	inf

kumpi Pron Qnt Ela Pl	kumpi Pron Qnt Ela Pl+?	inf

kumpi Pron Qnt Ade Pl	kumpi Pron Qnt Ade Pl+?	inf

kumpi Pron Qnt Abl Pl	kumpi Pron Qnt Abl Pl+?	inf

kumpi Pron Qnt All Pl	kumpi Pron Qnt All Pl+?	inf

kumpi Pron Qnt Tra Pl	kumpi Pron Qnt Tra Pl+?	inf

kumpi Pron Qnt Abe Pl	kumpi Pron Qnt Abe Pl+?	inf

kumpi Pron Qnt Ins Pl	kumpi Pron Qnt Ins Pl+?	inf

kumpi Pron Qnt Ess Pl	kumpi Pron Qnt Ess Pl+?	inf

kumpi Pron Qnt Par Pl	kumpi Pron Qnt Par Pl+?	inf

kumpi Pron Qnt Par Pl	kumpi Pron Qnt Par Pl+?	inf

kumpi Pron Qnt Par Pl	kumpi Pron Qnt Par Pl+?	inf

kumpi Pron Qnt Ill Pl	kumpi Pron Qnt Ill Pl+?	inf

kumpi Pron Qnt Ill Pl	kumpi Pron Qnt Ill Pl+?	inf

kumpi Pron Qnt Ill Pl	kumpi Pron Qnt Ill Pl+?	inf

kumpi Pron Qnt Gen Pl	kumpi Pron Qnt Gen Pl+?	inf

kumpi Pron Qnt Gen Pl	kumpi Pron Qnt Gen Pl+?	inf

kumpi Pron Qnt Gen Pl	kumpi Pron Qnt Gen Pl+?	inf

kumpi Pron Qnt Gen Pl	kumpi Pron Qnt Gen Pl+?	inf

kumpi Pron Qnt Gen Pl	kumpi Pron Qnt Gen Pl+?	inf

kumpi Pron Qnt Gen Pl	kumpi Pron Qnt Gen Pl+?	inf

mik‰ Pron Qnt Nom Sg	mik‰ Pron Qnt Nom Sg+?	inf

mik‰ Pron Qnt Par Sg	mik‰ Pron Qnt Par Sg+?	inf

mik‰ Pron Qnt Gen Sg	mik‰ Pron Qnt Gen Sg+?	inf

mik‰ Pron Qnt Ine Sg	mik‰ Pron Qnt Ine Sg+?	inf

mik‰ Pron Qnt Ela Sg	mik‰ Pron Qnt Ela Sg+?	inf

mik‰ Pron Qnt Ade Sg	mik‰ Pron Qnt Ade Sg+?	inf

mik‰ Pron Qnt Abl Sg	mik‰ Pron Qnt Abl Sg+?	inf

mik‰ Pron Qnt All Sg	mik‰ Pron Qnt All Sg+?	inf

mik‰ Pron Qnt Tra Sg	mik‰ Pron Qnt Tra Sg+?	inf

mik‰ Pron Qnt Abe Sg	mik‰ Pron Qnt Abe Sg+?	inf

mik‰ Pron Qnt Ess Sg	mik‰ Pron Qnt Ess Sg+?	inf

mik‰ Pron Qnt Ill Sg	mik‰ Pron Qnt Ill Sg+?	inf

mik‰ Pron Qnt Nom Pl	mik‰ Pron Qnt Nom Pl+?	inf

mik‰ Pron Qnt Ine Pl	mik‰ Pron Qnt Ine Pl+?	inf

mik‰ Pron Qnt Ela Pl	mik‰ Pron Qnt Ela Pl+?	inf

mik‰ Pron Qnt Ade Pl	mik‰ Pron Qnt Ade Pl+?	inf

mik‰ Pron Qnt Abl Pl	mik‰ Pron Qnt Abl Pl+?	inf

mik‰ Pron Qnt All Pl	mik‰ Pron Qnt All Pl+?	inf

mik‰ Pron Qnt Tra Pl	mik‰ Pron Qnt Tra Pl+?	inf

mik‰ Pron Qnt Abe Pl	mik‰ Pron Qnt Abe Pl+?	inf

mik‰ Pron Qnt Ins Pl	mik‰ Pron Qnt Ins Pl+?	inf

mik‰ Pron Qnt Ess Pl	mik‰ Pron Qnt Ess Pl+?	inf

mik‰ Pron Qnt Par Pl	mik‰ Pron Qnt Par Pl+?	inf

mik‰ Pron Qnt Par Pl	mik‰ Pron Qnt Par Pl+?	inf

mik‰ Pron Qnt Par Pl	mik‰ Pron Qnt Par Pl+?	inf

mik‰ Pron Qnt Ill Pl	mik‰ Pron Qnt Ill Pl+?	inf

mik‰ Pron Qnt Ill Pl	mik‰ Pron Qnt Ill Pl+?	inf

mik‰ Pron Qnt Ill Pl	mik‰ Pron Qnt Ill Pl+?	inf

mik‰ Pron Qnt Gen Pl	mik‰ Pron Qnt Gen Pl+?	inf

mik‰ Pron Qnt Gen Pl	mik‰ Pron Qnt Gen Pl+?	inf

mik‰ Pron Qnt Gen Pl	mik‰ Pron Qnt Gen Pl+?	inf

mik‰ Pron Qnt Gen Pl	mik‰ Pron Qnt Gen Pl+?	inf

mik‰ Pron Qnt Gen Pl	mik‰ Pron Qnt Gen Pl+?	inf

mik‰ Pron Qnt Gen Pl	mik‰ Pron Qnt Gen Pl+?	inf

joka Pron Qnt Nom Sg	joka Pron Qnt Nom Sg+?	inf

joka Pron Qnt Par Sg	joka Pron Qnt Par Sg+?	inf

joka Pron Qnt Gen Sg	joka Pron Qnt Gen Sg+?	inf

joka Pron Qnt Ine Sg	joka Pron Qnt Ine Sg+?	inf

joka Pron Qnt Ela Sg	joka Pron Qnt Ela Sg+?	inf

joka Pron Qnt Ade Sg	joka Pron Qnt Ade Sg+?	inf

joka Pron Qnt Abl Sg	joka Pron Qnt Abl Sg+?	inf

joka Pron Qnt All Sg	joka Pron Qnt All Sg+?	inf

joka Pron Qnt Tra Sg	joka Pron Qnt Tra Sg+?	inf

joka Pron Qnt Abe Sg	joka Pron Qnt Abe Sg+?	inf

joka Pron Qnt Ess Sg	joka Pron Qnt Ess Sg+?	inf

joka Pron Qnt Ill Sg	joka Pron Qnt Ill Sg+?	inf

joka Pron Qnt Nom Pl	joka Pron Qnt Nom Pl+?	inf

joka Pron Qnt Ine Pl	joka Pron Qnt Ine Pl+?	inf

joka Pron Qnt Ela Pl	joka Pron Qnt Ela Pl+?	inf

joka Pron Qnt Ade Pl	joka Pron Qnt Ade Pl+?	inf

joka Pron Qnt Abl Pl	joka Pron Qnt Abl Pl+?	inf

joka Pron Qnt All Pl	joka Pron Qnt All Pl+?	inf

joka Pron Qnt Tra Pl	joka Pron Qnt Tra Pl+?	inf

joka Pron Qnt Abe Pl	joka Pron Qnt Abe Pl+?	inf

joka Pron Qnt Ins Pl	joka Pron Qnt Ins Pl+?	inf

joka Pron Qnt Ess Pl	joka Pron Qnt Ess Pl+?	inf

joka Pron Qnt Par Pl	joka Pron Qnt Par Pl+?	inf

joka Pron Qnt Par Pl	joka Pron Qnt Par Pl+?	inf

joka Pron Qnt Par Pl	joka Pron Qnt Par Pl+?	inf

joka Pron Qnt Ill Pl	joka Pron Qnt Ill Pl+?	inf

joka Pron Qnt Ill Pl	joka Pron Qnt Ill Pl+?	inf

joka Pron Qnt Ill Pl	joka Pron Qnt Ill Pl+?	inf

joka Pron Qnt Gen Pl	joka Pron Qnt Gen Pl+?	inf

joka Pron Qnt Gen Pl	joka Pron Qnt Gen Pl+?	inf

joka Pron Qnt Gen Pl	joka Pron Qnt Gen Pl+?	inf

joka Pron Qnt Gen Pl	joka Pron Qnt Gen Pl+?	inf

joka Pron Qnt Gen Pl	joka Pron Qnt Gen Pl+?	inf

joka Pron Qnt Gen Pl	joka Pron Qnt Gen Pl+?	inf

mik‰ Pron Qnt Nom Sg	mik‰ Pron Qnt Nom Sg+?	inf

mik‰ Pron Qnt Par Sg	mik‰ Pron Qnt Par Sg+?	inf

mik‰ Pron Qnt Gen Sg	mik‰ Pron Qnt Gen Sg+?	inf

mik‰ Pron Qnt Ine Sg	mik‰ Pron Qnt Ine Sg+?	inf

mik‰ Pron Qnt Ela Sg	mik‰ Pron Qnt Ela Sg+?	inf

mik‰ Pron Qnt Ade Sg	mik‰ Pron Qnt Ade Sg+?	inf

mik‰ Pron Qnt Abl Sg	mik‰ Pron Qnt Abl Sg+?	inf

mik‰ Pron Qnt All Sg	mik‰ Pron Qnt All Sg+?	inf

mik‰ Pron Qnt Tra Sg	mik‰ Pron Qnt Tra Sg+?	inf

mik‰ Pron Qnt Abe Sg	mik‰ Pron Qnt Abe Sg+?	inf

mik‰ Pron Qnt Ess Sg	mik‰ Pron Qnt Ess Sg+?	inf

mik‰ Pron Qnt Ill Sg	mik‰ Pron Qnt Ill Sg+?	inf

mik‰ Pron Qnt Nom Pl	mik‰ Pron Qnt Nom Pl+?	inf

mik‰ Pron Qnt Ine Pl	mik‰ Pron Qnt Ine Pl+?	inf

mik‰ Pron Qnt Ela Pl	mik‰ Pron Qnt Ela Pl+?	inf

mik‰ Pron Qnt Ade Pl	mik‰ Pron Qnt Ade Pl+?	inf

mik‰ Pron Qnt Abl Pl	mik‰ Pron Qnt Abl Pl+?	inf

mik‰ Pron Qnt All Pl	mik‰ Pron Qnt All Pl+?	inf

mik‰ Pron Qnt Tra Pl	mik‰ Pron Qnt Tra Pl+?	inf

mik‰ Pron Qnt Abe Pl	mik‰ Pron Qnt Abe Pl+?	inf

mik‰ Pron Qnt Ins Pl	mik‰ Pron Qnt Ins Pl+?	inf

mik‰ Pron Qnt Ess Pl	mik‰ Pron Qnt Ess Pl+?	inf

mik‰ Pron Qnt Par Pl	mik‰ Pron Qnt Par Pl+?	inf

mik‰ Pron Qnt Par Pl	mik‰ Pron Qnt Par Pl+?	inf

mik‰ Pron Qnt Par Pl	mik‰ Pron Qnt Par Pl+?	inf

mik‰ Pron Qnt Ill Pl	mik‰ Pron Qnt Ill Pl+?	inf

mik‰ Pron Qnt Ill Pl	mik‰ Pron Qnt Ill Pl+?	inf

mik‰ Pron Qnt Ill Pl	mik‰ Pron Qnt Ill Pl+?	inf

mik‰ Pron Qnt Gen Pl	mik‰ Pron Qnt Gen Pl+?	inf

mik‰ Pron Qnt Gen Pl	mik‰ Pron Qnt Gen Pl+?	inf

mik‰ Pron Qnt Gen Pl	mik‰ Pron Qnt Gen Pl+?	inf

mik‰ Pron Qnt Gen Pl	mik‰ Pron Qnt Gen Pl+?	inf

mik‰ Pron Qnt Gen Pl	mik‰ Pron Qnt Gen Pl+?	inf

mik‰ Pron Qnt Gen Pl	mik‰ Pron Qnt Gen Pl+?	inf

